{"/home/travis/build/npmtest/node-npmtest-hock/test.js":{"path":"/home/travis/build/npmtest/node-npmtest-hock/test.js","s":{"1":2,"2":2,"3":2,"4":2,"5":2,"6":2,"7":2,"8":1,"9":2,"10":2,"11":1,"12":1,"13":1,"14":1,"15":2,"16":2,"17":2,"18":2,"19":1,"20":1,"21":2,"22":2,"23":2,"24":1,"25":1,"26":1,"27":1,"28":1,"29":1,"30":1,"31":1,"32":1,"33":1,"34":1,"35":1,"36":1,"37":1,"38":1,"39":2,"40":2,"41":1,"42":2,"43":2,"44":1,"45":2,"46":2,"47":1,"48":2,"49":2,"50":1,"51":1,"52":1,"53":1,"54":1},"b":{"1":[2,1,1,1],"2":[1,1,1,1],"3":[1,1],"4":[1,1],"5":[1,1],"6":[1,1],"7":[1,1],"8":[1,1],"9":[1,1],"10":[1,1,1],"11":[1,1],"12":[1,1],"13":[1,1],"14":[1,1],"15":[1,1],"16":[1,1],"17":[1,1]},"f":{"1":2,"2":2,"3":2,"4":2,"5":2,"6":1,"7":1,"8":1,"9":2,"10":2,"11":2,"12":2,"13":1},"fnMap":{"1":{"name":"(anonymous_1)","line":12,"loc":{"start":{"line":12,"column":1},"end":{"line":12,"column":13}}},"2":{"name":"(anonymous_2)","line":19,"loc":{"start":{"line":19,"column":5},"end":{"line":19,"column":17}}},"3":{"name":"(anonymous_3)","line":23,"loc":{"start":{"line":23,"column":24},"end":{"line":23,"column":36}}},"4":{"name":"(anonymous_4)","line":61,"loc":{"start":{"line":61,"column":5},"end":{"line":61,"column":17}}},"5":{"name":"(anonymous_5)","line":82,"loc":{"start":{"line":82,"column":5},"end":{"line":82,"column":17}}},"6":{"name":"(anonymous_6)","line":91,"loc":{"start":{"line":91,"column":77},"end":{"line":94,"column":10}}},"7":{"name":"(anonymous_7)","line":112,"loc":{"start":{"line":112,"column":83},"end":{"line":115,"column":10}},"skip":true},"8":{"name":"(anonymous_8)","line":123,"loc":{"start":{"line":123,"column":77},"end":{"line":126,"column":10}},"skip":true},"9":{"name":"(anonymous_9)","line":139,"loc":{"start":{"line":139,"column":12},"end":{"line":139,"column":40}},"skip":true},"10":{"name":"(anonymous_10)","line":147,"loc":{"start":{"line":147,"column":77},"end":{"line":150,"column":10}},"skip":true},"11":{"name":"(anonymous_11)","line":158,"loc":{"start":{"line":158,"column":83},"end":{"line":161,"column":10}},"skip":true},"12":{"name":"(anonymous_12)","line":169,"loc":{"start":{"line":169,"column":79},"end":{"line":172,"column":10}},"skip":true},"13":{"name":"(anonymous_13)","line":180,"loc":{"start":{"line":180,"column":75},"end":{"line":183,"column":10}},"skip":true}},"statementMap":{"1":{"start":{"line":12,"column":0},"end":{"line":195,"column":5}},"2":{"start":{"line":14,"column":4},"end":{"line":14,"column":14}},"3":{"start":{"line":19,"column":4},"end":{"line":56,"column":9}},"4":{"start":{"line":21,"column":8},"end":{"line":21,"column":19}},"5":{"start":{"line":23,"column":8},"end":{"line":35,"column":13}},"6":{"start":{"line":24,"column":12},"end":{"line":34,"column":13}},"7":{"start":{"line":25,"column":16},"end":{"line":28,"column":30}},"8":{"start":{"line":30,"column":16},"end":{"line":33,"column":27}},"9":{"start":{"line":37,"column":8},"end":{"line":39,"column":21}},"10":{"start":{"line":40,"column":8},"end":{"line":53,"column":9}},"11":{"start":{"line":43,"column":12},"end":{"line":46,"column":14}},"12":{"start":{"line":47,"column":12},"end":{"line":47,"column":18}},"13":{"start":{"line":50,"column":12},"end":{"line":51,"column":33}},"14":{"start":{"line":52,"column":12},"end":{"line":52,"column":18}},"15":{"start":{"line":55,"column":8},"end":{"line":55,"column":35}},"16":{"start":{"line":61,"column":4},"end":{"line":63,"column":9}},"17":{"start":{"line":62,"column":8},"end":{"line":62,"column":15}},"18":{"start":{"line":64,"column":4},"end":{"line":77,"column":5}},"19":{"start":{"line":70,"column":8},"end":{"line":70,"column":14}},"20":{"start":{"line":76,"column":8},"end":{"line":76,"column":14}},"21":{"start":{"line":82,"column":4},"end":{"line":84,"column":9}},"22":{"start":{"line":83,"column":8},"end":{"line":83,"column":15}},"23":{"start":{"line":85,"column":4},"end":{"line":194,"column":5}},"24":{"start":{"line":91,"column":8},"end":{"line":99,"column":10}},"25":{"start":{"line":98,"column":12},"end":{"line":98,"column":35}},"26":{"start":{"line":102,"column":8},"end":{"line":104,"column":63}},"27":{"start":{"line":105,"column":8},"end":{"line":105,"column":14}},"28":{"start":{"line":112,"column":8},"end":{"line":121,"column":10},"skip":true},"29":{"start":{"line":119,"column":12},"end":{"line":119,"column":55},"skip":true},"30":{"start":{"line":120,"column":12},"end":{"line":120,"column":48},"skip":true},"31":{"start":{"line":123,"column":8},"end":{"line":136,"column":10},"skip":true},"32":{"start":{"line":130,"column":12},"end":{"line":130,"column":76},"skip":true},"33":{"start":{"line":131,"column":12},"end":{"line":131,"column":73},"skip":true},"34":{"start":{"line":132,"column":12},"end":{"line":132,"column":74},"skip":true},"35":{"start":{"line":133,"column":12},"end":{"line":133,"column":79},"skip":true},"36":{"start":{"line":134,"column":12},"end":{"line":134,"column":25},"skip":true},"37":{"start":{"line":135,"column":12},"end":{"line":135,"column":45},"skip":true},"38":{"start":{"line":138,"column":8},"end":{"line":145,"column":14},"skip":true},"39":{"start":{"line":143,"column":16},"end":{"line":143,"column":29},"skip":true},"40":{"start":{"line":144,"column":16},"end":{"line":144,"column":55},"skip":true},"41":{"start":{"line":147,"column":8},"end":{"line":156,"column":10},"skip":true},"42":{"start":{"line":154,"column":12},"end":{"line":154,"column":25},"skip":true},"43":{"start":{"line":155,"column":12},"end":{"line":155,"column":45},"skip":true},"44":{"start":{"line":158,"column":8},"end":{"line":167,"column":10},"skip":true},"45":{"start":{"line":165,"column":12},"end":{"line":165,"column":25},"skip":true},"46":{"start":{"line":166,"column":12},"end":{"line":166,"column":48},"skip":true},"47":{"start":{"line":169,"column":8},"end":{"line":178,"column":10},"skip":true},"48":{"start":{"line":176,"column":12},"end":{"line":176,"column":25},"skip":true},"49":{"start":{"line":177,"column":12},"end":{"line":177,"column":46},"skip":true},"50":{"start":{"line":180,"column":8},"end":{"line":189,"column":10},"skip":true},"51":{"start":{"line":187,"column":12},"end":{"line":187,"column":94},"skip":true},"52":{"start":{"line":188,"column":12},"end":{"line":188,"column":48},"skip":true},"53":{"start":{"line":192,"column":8},"end":{"line":192,"column":35},"skip":true},"54":{"start":{"line":193,"column":8},"end":{"line":193,"column":14},"skip":true}},"branchMap":{"1":{"line":25,"type":"binary-expr","locations":[{"start":{"line":25,"column":23},"end":{"line":25,"column":62}},{"start":{"line":26,"column":20},"end":{"line":26,"column":70}},{"start":{"line":27,"column":20},"end":{"line":27,"column":71}},{"start":{"line":28,"column":20},"end":{"line":28,"column":29}}]},"2":{"line":30,"type":"binary-expr","locations":[{"start":{"line":30,"column":23},"end":{"line":30,"column":37}},{"start":{"line":31,"column":20},"end":{"line":31,"column":61}},{"start":{"line":32,"column":20},"end":{"line":32,"column":70}},{"start":{"line":33,"column":20},"end":{"line":33,"column":26}}]},"3":{"line":37,"type":"cond-expr","locations":[{"start":{"line":38,"column":14},"end":{"line":38,"column":20}},{"start":{"line":39,"column":14},"end":{"line":39,"column":20}}]},"4":{"line":40,"type":"switch","locations":[{"start":{"line":42,"column":8},"end":{"line":47,"column":18}},{"start":{"line":49,"column":8},"end":{"line":52,"column":18}}]},"5":{"line":44,"type":"binary-expr","locations":[{"start":{"line":44,"column":16},"end":{"line":44,"column":44}},{"start":{"line":44,"column":48},"end":{"line":44,"column":66}}]},"6":{"line":50,"type":"binary-expr","locations":[{"start":{"line":50,"column":21},"end":{"line":50,"column":49}},{"start":{"line":50,"column":53},"end":{"line":50,"column":72}}]},"7":{"line":64,"type":"switch","locations":[{"start":{"line":69,"column":4},"end":{"line":70,"column":14}},{"start":{"line":75,"column":4},"end":{"line":76,"column":14}}]},"8":{"line":85,"type":"switch","locations":[{"start":{"line":90,"column":4},"end":{"line":105,"column":14}},{"start":{"line":111,"column":4},"end":{"line":193,"column":14},"skip":true}]},"9":{"line":91,"type":"binary-expr","locations":[{"start":{"line":91,"column":42},"end":{"line":91,"column":73}},{"start":{"line":91,"column":77},"end":{"line":99,"column":9}}]},"10":{"line":102,"type":"binary-expr","locations":[{"start":{"line":102,"column":18},"end":{"line":102,"column":32}},{"start":{"line":103,"column":12},"end":{"line":103,"column":53}},{"start":{"line":104,"column":12},"end":{"line":104,"column":61}}]},"11":{"line":112,"type":"binary-expr","locations":[{"start":{"line":112,"column":45},"end":{"line":112,"column":79},"skip":true},{"start":{"line":112,"column":83},"end":{"line":121,"column":9},"skip":true}]},"12":{"line":123,"type":"binary-expr","locations":[{"start":{"line":123,"column":42},"end":{"line":123,"column":73},"skip":true},{"start":{"line":123,"column":77},"end":{"line":136,"column":9},"skip":true}]},"13":{"line":138,"type":"binary-expr","locations":[{"start":{"line":138,"column":48},"end":{"line":138,"column":85},"skip":true},{"start":{"line":139,"column":12},"end":{"line":145,"column":13},"skip":true}]},"14":{"line":147,"type":"binary-expr","locations":[{"start":{"line":147,"column":42},"end":{"line":147,"column":73},"skip":true},{"start":{"line":147,"column":77},"end":{"line":156,"column":9},"skip":true}]},"15":{"line":158,"type":"binary-expr","locations":[{"start":{"line":158,"column":45},"end":{"line":158,"column":79},"skip":true},{"start":{"line":158,"column":83},"end":{"line":167,"column":9},"skip":true}]},"16":{"line":169,"type":"binary-expr","locations":[{"start":{"line":169,"column":43},"end":{"line":169,"column":75},"skip":true},{"start":{"line":169,"column":79},"end":{"line":178,"column":9},"skip":true}]},"17":{"line":180,"type":"binary-expr","locations":[{"start":{"line":180,"column":41},"end":{"line":180,"column":71},"skip":true},{"start":{"line":180,"column":75},"end":{"line":189,"column":9},"skip":true}]}},"code":["/* istanbul instrument in package npmtest_hock */","/*jslint","    bitwise: true,","    browser: true,","    maxerr: 8,","    maxlen: 96,","    node: true,","    nomen: true,","    regexp: true,","    stupid: true","*/","(function () {","    'use strict';","    var local;","","","","    // run shared js-env code - pre-init","    (function () {","        // init local","        local = {};","        // init modeJs","        local.modeJs = (function () {","            try {","                return typeof navigator.userAgent === 'string' &&","                    typeof document.querySelector('body') === 'object' &&","                    typeof XMLHttpRequest.prototype.open === 'function' &&","                    'browser';","            } catch (errorCaughtBrowser) {","                return module.exports &&","                    typeof process.versions.node === 'string' &&","                    typeof require('http').createServer === 'function' &&","                    'node';","            }","        }());","        // init global","        local.global = local.modeJs === 'browser'","            ? window","            : global;","        switch (local.modeJs) {","        // re-init local from window.local","        case 'browser':","            local = local.global.utility2.objectSetDefault(","                local.global.utility2_rollup || local.global.local,","                local.global.utility2","            );","            break;","        // re-init local from example.js","        case 'node':","            local = (local.global.utility2_rollup || require('utility2'))","                .requireReadme();","            break;","        }","        // export local","        local.global.local = local;","    }());","","","","    // run shared js-env code - function","    (function () {","        return;","    }());","    switch (local.modeJs) {","","","","    // run browser js-env code - function","    case 'browser':","        break;","","","","    // run node js-env code - function","    case 'node':","        break;","    }","","","","    // run shared js-env code - post-init","    (function () {","        return;","    }());","    switch (local.modeJs) {","","","","    // run browser js-env code - post-init","    case 'browser':","        local.testCase_browser_nullCase = local.testCase_browser_nullCase || function (","            options,","            onError","        ) {","        /*","         * this function will test browsers's null-case handling-behavior-behavior","         */","            onError(null, options);","        };","","        // run tests","        local.nop(local.modeTest &&","            document.querySelector('#testRunButton1') &&","            document.querySelector('#testRunButton1').click());","        break;","","","","    // run node js-env code - post-init","    /* istanbul ignore next */","    case 'node':","        local.testCase_buildApidoc_default = local.testCase_buildApidoc_default || function (","            options,","            onError","        ) {","        /*","         * this function will test buildApidoc's default handling-behavior-behavior","         */","            options = { modulePathList: module.paths };","            local.buildApidoc(options, onError);","        };","","        local.testCase_buildApp_default = local.testCase_buildApp_default || function (","            options,","            onError","        ) {","        /*","         * this function will test buildApp's default handling-behavior-behavior","         */","            local.testCase_buildReadme_default(options, local.onErrorThrow);","            local.testCase_buildLib_default(options, local.onErrorThrow);","            local.testCase_buildTest_default(options, local.onErrorThrow);","            local.testCase_buildCustomOrg_default(options, local.onErrorThrow);","            options = [];","            local.buildApp(options, onError);","        };","","        local.testCase_buildCustomOrg_default = local.testCase_buildCustomOrg_default ||","            function (options, onError) {","            /*","             * this function will test buildCustomOrg's default handling-behavior","             */","                options = {};","                local.buildCustomOrg(options, onError);","            };","","        local.testCase_buildLib_default = local.testCase_buildLib_default || function (","            options,","            onError","        ) {","        /*","         * this function will test buildLib's default handling-behavior","         */","            options = {};","            local.buildLib(options, onError);","        };","","        local.testCase_buildReadme_default = local.testCase_buildReadme_default || function (","            options,","            onError","        ) {","        /*","         * this function will test buildReadme's default handling-behavior-behavior","         */","            options = {};","            local.buildReadme(options, onError);","        };","","        local.testCase_buildTest_default = local.testCase_buildTest_default || function (","            options,","            onError","        ) {","        /*","         * this function will test buildTest's default handling-behavior","         */","            options = {};","            local.buildTest(options, onError);","        };","","        local.testCase_webpage_default = local.testCase_webpage_default || function (","            options,","            onError","        ) {","        /*","         * this function will test webpage's default handling-behavior","         */","            options = { modeCoverageMerge: true, url: local.serverLocalHost + '?modeTest=1' };","            local.browserTest(options, onError);","        };","","        // run test-server","        local.testRunServer(local);","        break;","    }","}());",""],"l":{"12":2,"14":2,"19":2,"21":2,"23":2,"24":2,"25":2,"30":1,"37":2,"40":2,"43":1,"47":1,"50":1,"52":1,"55":2,"61":2,"62":2,"64":2,"70":1,"76":1,"82":2,"83":2,"85":2,"91":1,"98":1,"102":1,"105":1,"112":1,"119":1,"120":1,"123":1,"130":1,"131":1,"132":1,"133":1,"134":1,"135":1,"138":1,"143":2,"144":2,"147":1,"154":2,"155":2,"158":1,"165":2,"166":2,"169":1,"176":2,"177":2,"180":1,"187":1,"188":1,"192":1,"193":1}},"/home/travis/build/npmtest/node-npmtest-hock/lib.npmtest_hock.js":{"path":"/home/travis/build/npmtest/node-npmtest-hock/lib.npmtest_hock.js","s":{"1":2,"2":2,"3":2,"4":2,"5":2,"6":2,"7":2,"8":1,"9":2,"10":2,"11":2,"12":2,"13":1,"14":1,"15":1,"16":1},"b":{"1":[2,1,1,1],"2":[1,1,1,1],"3":[1,1],"4":[2,2],"5":[1,1]},"f":{"1":2,"2":2,"3":2},"fnMap":{"1":{"name":"(anonymous_1)","line":12,"loc":{"start":{"line":12,"column":1},"end":{"line":12,"column":13}}},"2":{"name":"(anonymous_2)","line":19,"loc":{"start":{"line":19,"column":5},"end":{"line":19,"column":17}}},"3":{"name":"(anonymous_3)","line":23,"loc":{"start":{"line":23,"column":24},"end":{"line":23,"column":36}}}},"statementMap":{"1":{"start":{"line":12,"column":0},"end":{"line":53,"column":5}},"2":{"start":{"line":14,"column":4},"end":{"line":14,"column":14}},"3":{"start":{"line":19,"column":4},"end":{"line":52,"column":9}},"4":{"start":{"line":21,"column":8},"end":{"line":21,"column":19}},"5":{"start":{"line":23,"column":8},"end":{"line":35,"column":13}},"6":{"start":{"line":24,"column":12},"end":{"line":34,"column":13}},"7":{"start":{"line":25,"column":16},"end":{"line":28,"column":30}},"8":{"start":{"line":30,"column":16},"end":{"line":33,"column":27}},"9":{"start":{"line":37,"column":8},"end":{"line":39,"column":21}},"10":{"start":{"line":41,"column":8},"end":{"line":41,"column":54}},"11":{"start":{"line":43,"column":8},"end":{"line":43,"column":49}},"12":{"start":{"line":45,"column":8},"end":{"line":51,"column":9}},"13":{"start":{"line":46,"column":12},"end":{"line":46,"column":55}},"14":{"start":{"line":48,"column":12},"end":{"line":48,"column":35}},"15":{"start":{"line":49,"column":12},"end":{"line":49,"column":49}},"16":{"start":{"line":50,"column":12},"end":{"line":50,"column":43}}},"branchMap":{"1":{"line":25,"type":"binary-expr","locations":[{"start":{"line":25,"column":23},"end":{"line":25,"column":62}},{"start":{"line":26,"column":20},"end":{"line":26,"column":70}},{"start":{"line":27,"column":20},"end":{"line":27,"column":71}},{"start":{"line":28,"column":20},"end":{"line":28,"column":29}}]},"2":{"line":30,"type":"binary-expr","locations":[{"start":{"line":30,"column":23},"end":{"line":30,"column":37}},{"start":{"line":31,"column":20},"end":{"line":31,"column":61}},{"start":{"line":32,"column":20},"end":{"line":32,"column":70}},{"start":{"line":33,"column":20},"end":{"line":33,"column":26}}]},"3":{"line":37,"type":"cond-expr","locations":[{"start":{"line":38,"column":14},"end":{"line":38,"column":20}},{"start":{"line":39,"column":14},"end":{"line":39,"column":20}}]},"4":{"line":41,"type":"binary-expr","locations":[{"start":{"line":41,"column":16},"end":{"line":41,"column":44}},{"start":{"line":41,"column":48},"end":{"line":41,"column":53}}]},"5":{"line":45,"type":"if","locations":[{"start":{"line":45,"column":8},"end":{"line":45,"column":8}},{"start":{"line":45,"column":8},"end":{"line":45,"column":8}}]}},"code":["/* istanbul instrument in package npmtest_hock */","/*jslint","    bitwise: true,","    browser: true,","    maxerr: 8,","    maxlen: 96,","    node: true,","    nomen: true,","    regexp: true,","    stupid: true","*/","(function () {","    'use strict';","    var local;","","","","    // run shared js-env code - pre-init","    (function () {","        // init local","        local = {};","        // init modeJs","        local.modeJs = (function () {","            try {","                return typeof navigator.userAgent === 'string' &&","                    typeof document.querySelector('body') === 'object' &&","                    typeof XMLHttpRequest.prototype.open === 'function' &&","                    'browser';","            } catch (errorCaughtBrowser) {","                return module.exports &&","                    typeof process.versions.node === 'string' &&","                    typeof require('http').createServer === 'function' &&","                    'node';","            }","        }());","        // init global","        local.global = local.modeJs === 'browser'","            ? window","            : global;","        // init utility2_rollup","        local = local.global.utility2_rollup || local;","        // init lib","        local.local = local.npmtest_hock = local;","        // init exports","        if (local.modeJs === 'browser') {","            local.global.utility2_npmtest_hock = local;","        } else {","            module.exports = local;","            module.exports.__dirname = __dirname;","            module.exports.module = module;","        }","    }());","}());",""],"l":{"12":2,"14":2,"19":2,"21":2,"23":2,"24":2,"25":2,"30":1,"37":2,"41":2,"43":2,"45":2,"46":1,"48":1,"49":1,"50":1}},"/home/travis/build/npmtest/node-npmtest-hock/example.js":{"path":"/home/travis/build/npmtest/node-npmtest-hock/example.js","s":{"1":2,"2":2,"3":2,"4":2,"5":2,"6":2,"7":2,"8":1,"9":2,"10":2,"11":2,"12":2,"13":1,"14":2,"15":2,"16":2,"17":2,"18":2,"19":0,"20":2,"21":1,"22":1,"23":1,"24":1,"25":1,"26":0,"27":0,"28":1,"29":1,"30":2,"31":0,"32":0,"33":0,"34":1,"35":2,"36":2,"37":3,"38":3,"39":3,"40":3,"41":0,"42":3,"43":3,"44":3,"45":1,"46":3,"47":1,"48":1,"49":1,"50":1,"51":1,"52":1,"53":1,"54":1,"55":1,"56":1,"57":0,"58":1,"59":6,"60":6,"61":1,"62":2,"63":0,"64":2,"65":1,"66":1,"67":0,"68":0,"69":0,"70":0,"71":0,"72":0,"73":0,"74":0,"75":0,"76":0,"77":0,"78":0,"79":0,"80":0,"81":0,"82":0,"83":0},"b":{"1":[2,1,1,1],"2":[1,1,1,1],"3":[1,1],"4":[2,2],"5":[1,1],"6":[1,1],"7":[2,0],"8":[2,1,1,1,1,1],"9":[0,2,0],"10":[1,1],"11":[2,1,1],"12":[1,0],"13":[0,2],"14":[2,0,0,0,0,0,0],"15":[0,3],"16":[3,0],"17":[1,1],"18":[0,1],"19":[1,2,0,2],"20":[1,0],"21":[1,1],"22":[0,0],"23":[0,0],"24":[0,0],"25":[0,0],"26":[0,0],"27":[0,0],"28":[0,0]},"f":{"1":2,"2":2,"3":2,"4":2,"5":2,"6":2,"7":3,"8":3,"9":3,"10":1,"11":6,"12":0},"fnMap":{"1":{"name":"(anonymous_1)","line":26,"loc":{"start":{"line":26,"column":1},"end":{"line":26,"column":13}}},"2":{"name":"(anonymous_2)","line":33,"loc":{"start":{"line":33,"column":5},"end":{"line":33,"column":17}}},"3":{"name":"(anonymous_3)","line":37,"loc":{"start":{"line":37,"column":24},"end":{"line":37,"column":36}}},"4":{"name":"(anonymous_4)","line":69,"loc":{"start":{"line":69,"column":31},"end":{"line":69,"column":48}},"skip":true},"5":{"name":"(anonymous_5)","line":78,"loc":{"start":{"line":78,"column":26},"end":{"line":78,"column":45}},"skip":true},"6":{"name":"(anonymous_6)","line":123,"loc":{"start":{"line":123,"column":33},"end":{"line":123,"column":48}},"skip":true},"7":{"name":"(anonymous_7)","line":125,"loc":{"start":{"line":125,"column":27},"end":{"line":125,"column":39}},"skip":true},"8":{"name":"(anonymous_8)","line":133,"loc":{"start":{"line":133,"column":59},"end":{"line":133,"column":74}},"skip":true},"9":{"name":"(anonymous_9)","line":143,"loc":{"start":{"line":143,"column":45},"end":{"line":143,"column":62}},"skip":true},"10":{"name":"(anonymous_10)","line":144,"loc":{"start":{"line":144,"column":73},"end":{"line":144,"column":92}},"skip":true},"11":{"name":"(anonymous_11)","line":272,"loc":{"start":{"line":272,"column":51},"end":{"line":272,"column":77}},"skip":true},"12":{"name":"(anonymous_12)","line":315,"loc":{"start":{"line":315,"column":32},"end":{"line":315,"column":61}},"skip":true}},"statementMap":{"1":{"start":{"line":26,"column":0},"end":{"line":326,"column":5}},"2":{"start":{"line":28,"column":4},"end":{"line":28,"column":14}},"3":{"start":{"line":33,"column":4},"end":{"line":60,"column":9}},"4":{"start":{"line":35,"column":8},"end":{"line":35,"column":19}},"5":{"start":{"line":37,"column":8},"end":{"line":49,"column":13}},"6":{"start":{"line":38,"column":12},"end":{"line":48,"column":13}},"7":{"start":{"line":39,"column":16},"end":{"line":42,"column":30}},"8":{"start":{"line":44,"column":16},"end":{"line":47,"column":27}},"9":{"start":{"line":51,"column":8},"end":{"line":53,"column":21}},"10":{"start":{"line":55,"column":8},"end":{"line":57,"column":45}},"11":{"start":{"line":59,"column":8},"end":{"line":59,"column":35}},"12":{"start":{"line":61,"column":4},"end":{"line":325,"column":5}},"13":{"start":{"line":69,"column":8},"end":{"line":121,"column":10},"skip":true},"14":{"start":{"line":70,"column":12},"end":{"line":88,"column":13},"skip":true},"15":{"start":{"line":76,"column":16},"end":{"line":87,"column":19},"skip":true},"16":{"start":{"line":79,"column":20},"end":{"line":86,"column":21},"skip":true},"17":{"start":{"line":82,"column":24},"end":{"line":82,"column":43},"skip":true},"18":{"start":{"line":83,"column":24},"end":{"line":83,"column":30},"skip":true},"19":{"start":{"line":85,"column":24},"end":{"line":85,"column":49},"skip":true},"20":{"start":{"line":89,"column":12},"end":{"line":107,"column":13},"skip":true},"21":{"start":{"line":92,"column":16},"end":{"line":102,"column":17},"skip":true},"22":{"start":{"line":93,"column":20},"end":{"line":93,"column":86},"skip":true},"23":{"start":{"line":94,"column":20},"end":{"line":95,"column":45},"skip":true},"24":{"start":{"line":96,"column":20},"end":{"line":96,"column":42},"skip":true},"25":{"start":{"line":97,"column":20},"end":{"line":97,"column":48},"skip":true},"26":{"start":{"line":100,"column":20},"end":{"line":100,"column":85},"skip":true},"27":{"start":{"line":101,"column":20},"end":{"line":101,"column":96},"skip":true},"28":{"start":{"line":103,"column":16},"end":{"line":103,"column":22},"skip":true},"29":{"start":{"line":106,"column":16},"end":{"line":106,"column":22},"skip":true},"30":{"start":{"line":108,"column":12},"end":{"line":120,"column":13},"skip":true},"31":{"start":{"line":114,"column":16},"end":{"line":119,"column":17},"skip":true},"32":{"start":{"line":116,"column":20},"end":{"line":116,"column":78},"skip":true},"33":{"start":{"line":118,"column":20},"end":{"line":118,"column":47},"skip":true},"34":{"start":{"line":123,"column":8},"end":{"line":141,"column":11},"skip":true},"35":{"start":{"line":124,"column":12},"end":{"line":124,"column":54},"skip":true},"36":{"start":{"line":125,"column":12},"end":{"line":140,"column":14},"skip":true},"37":{"start":{"line":126,"column":16},"end":{"line":126,"column":28},"skip":true},"38":{"start":{"line":127,"column":16},"end":{"line":127,"column":69},"skip":true},"39":{"start":{"line":128,"column":16},"end":{"line":128,"column":75},"skip":true},"40":{"start":{"line":129,"column":16},"end":{"line":131,"column":17},"skip":true},"41":{"start":{"line":130,"column":20},"end":{"line":130,"column":27},"skip":true},"42":{"start":{"line":133,"column":16},"end":{"line":137,"column":36},"skip":true},"43":{"start":{"line":134,"column":20},"end":{"line":136,"column":55},"skip":true},"44":{"start":{"line":139,"column":16},"end":{"line":139,"column":57},"skip":true},"45":{"start":{"line":143,"column":8},"end":{"line":147,"column":11},"skip":true},"46":{"start":{"line":144,"column":12},"end":{"line":146,"column":15},"skip":true},"47":{"start":{"line":145,"column":16},"end":{"line":145,"column":70},"skip":true},"48":{"start":{"line":149,"column":8},"end":{"line":149,"column":31},"skip":true},"49":{"start":{"line":150,"column":8},"end":{"line":150,"column":14},"skip":true},"50":{"start":{"line":158,"column":8},"end":{"line":158,"column":31},"skip":true},"51":{"start":{"line":160,"column":8},"end":{"line":160,"column":33},"skip":true},"52":{"start":{"line":161,"column":8},"end":{"line":161,"column":37},"skip":true},"53":{"start":{"line":162,"column":8},"end":{"line":162,"column":35},"skip":true},"54":{"start":{"line":164,"column":8},"end":{"line":164,"column":50},"skip":true},"55":{"start":{"line":166,"column":8},"end":{"line":256,"column":2},"skip":true},"56":{"start":{"line":258,"column":8},"end":{"line":286,"column":9},"skip":true},"57":{"start":{"line":259,"column":12},"end":{"line":269,"column":14},"skip":true},"58":{"start":{"line":271,"column":12},"end":{"line":285,"column":19},"skip":true},"59":{"start":{"line":274,"column":20},"end":{"line":274,"column":35},"skip":true},"60":{"start":{"line":275,"column":20},"end":{"line":284,"column":21},"skip":true},"61":{"start":{"line":277,"column":24},"end":{"line":277,"column":64},"skip":true},"62":{"start":{"line":279,"column":24},"end":{"line":279,"column":40},"skip":true},"63":{"start":{"line":281,"column":24},"end":{"line":281,"column":40},"skip":true},"64":{"start":{"line":283,"column":24},"end":{"line":283,"column":39},"skip":true},"65":{"start":{"line":288,"column":8},"end":{"line":290,"column":9},"skip":true},"66":{"start":{"line":289,"column":12},"end":{"line":289,"column":18},"skip":true},"67":{"start":{"line":291,"column":8},"end":{"line":293,"column":54},"skip":true},"68":{"start":{"line":296,"column":8},"end":{"line":301,"column":37},"skip":true},"69":{"start":{"line":303,"column":8},"end":{"line":303,"column":82},"skip":true},"70":{"start":{"line":306,"column":8},"end":{"line":308,"column":9},"skip":true},"71":{"start":{"line":307,"column":12},"end":{"line":307,"column":82},"skip":true},"72":{"start":{"line":310,"column":8},"end":{"line":312,"column":9},"skip":true},"73":{"start":{"line":311,"column":12},"end":{"line":311,"column":18},"skip":true},"74":{"start":{"line":313,"column":8},"end":{"line":313,"column":54},"skip":true},"75":{"start":{"line":314,"column":8},"end":{"line":314,"column":69},"skip":true},"76":{"start":{"line":315,"column":8},"end":{"line":323,"column":36},"skip":true},"77":{"start":{"line":316,"column":12},"end":{"line":316,"column":61},"skip":true},"78":{"start":{"line":317,"column":12},"end":{"line":320,"column":13},"skip":true},"79":{"start":{"line":318,"column":16},"end":{"line":318,"column":75},"skip":true},"80":{"start":{"line":319,"column":16},"end":{"line":319,"column":23},"skip":true},"81":{"start":{"line":321,"column":12},"end":{"line":321,"column":38},"skip":true},"82":{"start":{"line":322,"column":12},"end":{"line":322,"column":27},"skip":true},"83":{"start":{"line":324,"column":8},"end":{"line":324,"column":14},"skip":true}},"branchMap":{"1":{"line":39,"type":"binary-expr","locations":[{"start":{"line":39,"column":23},"end":{"line":39,"column":62}},{"start":{"line":40,"column":20},"end":{"line":40,"column":70}},{"start":{"line":41,"column":20},"end":{"line":41,"column":71}},{"start":{"line":42,"column":20},"end":{"line":42,"column":29}}]},"2":{"line":44,"type":"binary-expr","locations":[{"start":{"line":44,"column":23},"end":{"line":44,"column":37}},{"start":{"line":45,"column":20},"end":{"line":45,"column":61}},{"start":{"line":46,"column":20},"end":{"line":46,"column":70}},{"start":{"line":47,"column":20},"end":{"line":47,"column":26}}]},"3":{"line":51,"type":"cond-expr","locations":[{"start":{"line":52,"column":14},"end":{"line":52,"column":20}},{"start":{"line":53,"column":14},"end":{"line":53,"column":20}}]},"4":{"line":55,"type":"binary-expr","locations":[{"start":{"line":55,"column":16},"end":{"line":55,"column":44}},{"start":{"line":55,"column":49},"end":{"line":57,"column":43}}]},"5":{"line":55,"type":"cond-expr","locations":[{"start":{"line":56,"column":14},"end":{"line":56,"column":48}},{"start":{"line":57,"column":14},"end":{"line":57,"column":43}}]},"6":{"line":61,"type":"switch","locations":[{"start":{"line":68,"column":4},"end":{"line":150,"column":14},"skip":true},{"start":{"line":156,"column":4},"end":{"line":324,"column":14},"skip":true}]},"7":{"line":70,"type":"if","locations":[{"start":{"line":70,"column":12},"end":{"line":70,"column":12},"skip":true},{"start":{"line":70,"column":12},"end":{"line":70,"column":12},"skip":true}]},"8":{"line":70,"type":"binary-expr","locations":[{"start":{"line":70,"column":16},"end":{"line":70,"column":22},"skip":true},{"start":{"line":70,"column":27},"end":{"line":70,"column":32},"skip":true},{"start":{"line":71,"column":20},"end":{"line":71,"column":39},"skip":true},{"start":{"line":72,"column":20},"end":{"line":72,"column":49},"skip":true},{"start":{"line":73,"column":20},"end":{"line":73,"column":58},"skip":true},{"start":{"line":74,"column":20},"end":{"line":74,"column":69},"skip":true}]},"9":{"line":79,"type":"switch","locations":[{"start":{"line":80,"column":20},"end":{"line":80,"column":33},"skip":true},{"start":{"line":81,"column":20},"end":{"line":83,"column":30},"skip":true},{"start":{"line":84,"column":20},"end":{"line":85,"column":49},"skip":true}]},"10":{"line":89,"type":"switch","locations":[{"start":{"line":90,"column":12},"end":{"line":103,"column":22},"skip":true},{"start":{"line":105,"column":12},"end":{"line":106,"column":22},"skip":true}]},"11":{"line":89,"type":"binary-expr","locations":[{"start":{"line":89,"column":20},"end":{"line":89,"column":25},"skip":true},{"start":{"line":89,"column":29},"end":{"line":89,"column":48},"skip":true},{"start":{"line":89,"column":52},"end":{"line":89,"column":74},"skip":true}]},"12":{"line":92,"type":"if","locations":[{"start":{"line":92,"column":16},"end":{"line":92,"column":16},"skip":true},{"start":{"line":92,"column":16},"end":{"line":92,"column":16},"skip":true}]},"13":{"line":108,"type":"if","locations":[{"start":{"line":108,"column":12},"end":{"line":108,"column":12},"skip":true},{"start":{"line":108,"column":12},"end":{"line":108,"column":12},"skip":true}]},"14":{"line":108,"type":"binary-expr","locations":[{"start":{"line":108,"column":16},"end":{"line":108,"column":61},"skip":true},{"start":{"line":108,"column":66},"end":{"line":108,"column":72},"skip":true},{"start":{"line":108,"column":77},"end":{"line":108,"column":82},"skip":true},{"start":{"line":109,"column":20},"end":{"line":109,"column":39},"skip":true},{"start":{"line":110,"column":20},"end":{"line":110,"column":49},"skip":true},{"start":{"line":111,"column":20},"end":{"line":111,"column":58},"skip":true},{"start":{"line":112,"column":20},"end":{"line":112,"column":68},"skip":true}]},"15":{"line":129,"type":"if","locations":[{"start":{"line":129,"column":16},"end":{"line":129,"column":16},"skip":true},{"start":{"line":129,"column":16},"end":{"line":129,"column":16},"skip":true}]},"16":{"line":134,"type":"cond-expr","locations":[{"start":{"line":135,"column":26},"end":{"line":135,"column":29},"skip":true},{"start":{"line":136,"column":26},"end":{"line":136,"column":54},"skip":true}]},"17":{"line":164,"type":"binary-expr","locations":[{"start":{"line":164,"column":27},"end":{"line":164,"column":43},"skip":true},{"start":{"line":164,"column":47},"end":{"line":164,"column":49},"skip":true}]},"18":{"line":258,"type":"if","locations":[{"start":{"line":258,"column":8},"end":{"line":258,"column":8},"skip":true},{"start":{"line":258,"column":8},"end":{"line":258,"column":8},"skip":true}]},"19":{"line":275,"type":"switch","locations":[{"start":{"line":276,"column":20},"end":{"line":277,"column":64},"skip":true},{"start":{"line":278,"column":20},"end":{"line":279,"column":40},"skip":true},{"start":{"line":280,"column":20},"end":{"line":281,"column":40},"skip":true},{"start":{"line":282,"column":20},"end":{"line":283,"column":39},"skip":true}]},"20":{"line":288,"type":"if","locations":[{"start":{"line":288,"column":8},"end":{"line":288,"column":8},"skip":true},{"start":{"line":288,"column":8},"end":{"line":288,"column":8},"skip":true}]},"21":{"line":288,"type":"binary-expr","locations":[{"start":{"line":288,"column":12},"end":{"line":288,"column":40},"skip":true},{"start":{"line":288,"column":44},"end":{"line":288,"column":67},"skip":true}]},"22":{"line":292,"type":"binary-expr","locations":[{"start":{"line":292,"column":12},"end":{"line":292,"column":50},"skip":true},{"start":{"line":293,"column":12},"end":{"line":293,"column":53},"skip":true}]},"23":{"line":297,"type":"binary-expr","locations":[{"start":{"line":297,"column":12},"end":{"line":297,"column":62},"skip":true},{"start":{"line":298,"column":12},"end":{"line":301,"column":36},"skip":true}]},"24":{"line":303,"type":"binary-expr","locations":[{"start":{"line":303,"column":43},"end":{"line":303,"column":75},"skip":true},{"start":{"line":303,"column":79},"end":{"line":303,"column":81},"skip":true}]},"25":{"line":306,"type":"if","locations":[{"start":{"line":306,"column":8},"end":{"line":306,"column":8},"skip":true},{"start":{"line":306,"column":8},"end":{"line":306,"column":8},"skip":true}]},"26":{"line":310,"type":"if","locations":[{"start":{"line":310,"column":8},"end":{"line":310,"column":8},"skip":true},{"start":{"line":310,"column":8},"end":{"line":310,"column":8},"skip":true}]},"27":{"line":313,"type":"binary-expr","locations":[{"start":{"line":313,"column":27},"end":{"line":313,"column":43},"skip":true},{"start":{"line":313,"column":47},"end":{"line":313,"column":53},"skip":true}]},"28":{"line":317,"type":"if","locations":[{"start":{"line":317,"column":12},"end":{"line":317,"column":12},"skip":true},{"start":{"line":317,"column":12},"end":{"line":317,"column":12},"skip":true}]}},"code":["/*","example.js","","quickstart example","","instruction","    1. save this script as example.js","    2. run the shell command:","        $ npm install npmtest-hock && PORT=8081 node example.js","    3. play with the browser-demo on http://127.0.0.1:8081","*/","","","","/* istanbul instrument in package npmtest_hock */","/*jslint","    bitwise: true,","    browser: true,","    maxerr: 8,","    maxlen: 96,","    node: true,","    nomen: true,","    regexp: true,","    stupid: true","*/","(function () {","    'use strict';","    var local;","","","","    // run shared js-env code - pre-init","    (function () {","        // init local","        local = {};","        // init modeJs","        local.modeJs = (function () {","            try {","                return typeof navigator.userAgent === 'string' &&","                    typeof document.querySelector('body') === 'object' &&","                    typeof XMLHttpRequest.prototype.open === 'function' &&","                    'browser';","            } catch (errorCaughtBrowser) {","                return module.exports &&","                    typeof process.versions.node === 'string' &&","                    typeof require('http').createServer === 'function' &&","                    'node';","            }","        }());","        // init global","        local.global = local.modeJs === 'browser'","            ? window","            : global;","        // init utility2_rollup","        local = local.global.utility2_rollup || (local.modeJs === 'browser'","            ? local.global.utility2_npmtest_hock","            : global.utility2_moduleExports);","        // export local","        local.global.local = local;","    }());","    switch (local.modeJs) {","","","","    // post-init","    // run browser js-env code - post-init","    /* istanbul ignore next */","    case 'browser':","        local.testRunBrowser = function (event) {","            if (!event || (event &&","                    event.currentTarget &&","                    event.currentTarget.className &&","                    event.currentTarget.className.includes &&","                    event.currentTarget.className.includes('onreset'))) {","                // reset output","                Array.from(","                    document.querySelectorAll('body > .resettable')","                ).forEach(function (element) {","                    switch (element.tagName) {","                    case 'INPUT':","                    case 'TEXTAREA':","                        element.value = '';","                        break;","                    default:","                        element.textContent = '';","                    }","                });","            }","            switch (event && event.currentTarget && event.currentTarget.id) {","            case 'testRunButton1':","                // show tests","                if (document.querySelector('#testReportDiv1').style.display === 'none') {","                    document.querySelector('#testReportDiv1').style.display = 'block';","                    document.querySelector('#testRunButton1').textContent =","                        'hide internal test';","                    local.modeTest = true;","                    local.testRunDefault(local);","                // hide tests","                } else {","                    document.querySelector('#testReportDiv1').style.display = 'none';","                    document.querySelector('#testRunButton1').textContent = 'run internal test';","                }","                break;","            // custom-case","            default:","                break;","            }","            if (document.querySelector('#inputTextareaEval1') && (!event || (event &&","                    event.currentTarget &&","                    event.currentTarget.className &&","                    event.currentTarget.className.includes &&","                    event.currentTarget.className.includes('oneval')))) {","                // try to eval input-code","                try {","                    /*jslint evil: true*/","                    eval(document.querySelector('#inputTextareaEval1').value);","                } catch (errorCaught) {","                    console.error(errorCaught);","                }","            }","        };","        // log stderr and stdout to #outputTextareaStdout1","        ['error', 'log'].forEach(function (key) {","            console[key + '_original'] = console[key];","            console[key] = function () {","                var element;","                console[key + '_original'].apply(console, arguments);","                element = document.querySelector('#outputTextareaStdout1');","                if (!element) {","                    return;","                }","                // append text to #outputTextareaStdout1","                element.value += Array.from(arguments).map(function (arg) {","                    return typeof arg === 'string'","                        ? arg","                        : JSON.stringify(arg, null, 4);","                }).join(' ') + '\\n';","                // scroll textarea to bottom","                element.scrollTop = element.scrollHeight;","            };","        });","        // init event-handling","        ['change', 'click', 'keyup'].forEach(function (event) {","            Array.from(document.querySelectorAll('.on' + event)).forEach(function (element) {","                element.addEventListener(event, local.testRunBrowser);","            });","        });","        // run tests","        local.testRunBrowser();","        break;","","","","    // run node js-env code - post-init","    /* istanbul ignore next */","    case 'node':","        // export local","        module.exports = local;","        // require modules","        local.fs = require('fs');","        local.http = require('http');","        local.url = require('url');","        // init assets","        local.assetsDict = local.assetsDict || {};","        /* jslint-ignore-begin */","        local.assetsDict['/assets.index.template.html'] = '\\","<!doctype html>\\n\\","<html lang=\"en\">\\n\\","<head>\\n\\","<meta charset=\"UTF-8\">\\n\\","<meta name=\"viewport\" content=\"width=device-width, initial-scale=1\">\\n\\","<title>{{env.npm_package_name}} (v{{env.npm_package_version}})</title>\\n\\","<style>\\n\\","/*csslint\\n\\","    box-sizing: false,\\n\\","    universal-selector: false\\n\\","*/\\n\\","* {\\n\\","    box-sizing: border-box;\\n\\","}\\n\\","body {\\n\\","    background: #dde;\\n\\","    font-family: Arial, Helvetica, sans-serif;\\n\\","    margin: 2rem;\\n\\","}\\n\\","body > * {\\n\\","    margin-bottom: 1rem;\\n\\","}\\n\\",".utility2FooterDiv {\\n\\","    margin-top: 20px;\\n\\","    text-align: center;\\n\\","}\\n\\","</style>\\n\\","<style>\\n\\","/*csslint\\n\\","*/\\n\\","textarea {\\n\\","    font-family: monospace;\\n\\","    height: 10rem;\\n\\","    width: 100%;\\n\\","}\\n\\","textarea[readonly] {\\n\\","    background: #ddd;\\n\\","}\\n\\","</style>\\n\\","</head>\\n\\","<body>\\n\\","<!-- utility2-comment\\n\\","<div id=\"ajaxProgressDiv1\" style=\"background: #d00; height: 2px; left: 0; margin: 0; padding: 0; position: fixed; top: 0; transition: background 0.5s, width 1.5s; width: 25%;\"></div>\\n\\","utility2-comment -->\\n\\","<h1>\\n\\","<!-- utility2-comment\\n\\","    <a\\n\\","        {{#if env.npm_package_homepage}}\\n\\","        href=\"{{env.npm_package_homepage}}\"\\n\\","        {{/if env.npm_package_homepage}}\\n\\","        target=\"_blank\"\\n\\","    >\\n\\","utility2-comment -->\\n\\","        {{env.npm_package_name}} (v{{env.npm_package_version}})\\n\\","<!-- utility2-comment\\n\\","    </a>\\n\\","utility2-comment -->\\n\\","</h1>\\n\\","<h3>{{env.npm_package_description}}</h3>\\n\\","<!-- utility2-comment\\n\\","<h4><a download href=\"assets.app.js\">download standalone app</a></h4>\\n\\","<button class=\"onclick onreset\" id=\"testRunButton1\">run internal test</button><br>\\n\\","<div id=\"testReportDiv1\" style=\"display: none;\"></div>\\n\\","utility2-comment -->\\n\\","\\n\\","\\n\\","\\n\\","<label>stderr and stdout</label>\\n\\","<textarea class=\"resettable\" id=\"outputTextareaStdout1\" readonly></textarea>\\n\\","<!-- utility2-comment\\n\\","{{#if isRollup}}\\n\\","<script src=\"assets.app.js\"></script>\\n\\","{{#unless isRollup}}\\n\\","utility2-comment -->\\n\\","<script src=\"assets.utility2.rollup.js\"></script>\\n\\","<script src=\"jsonp.utility2._stateInit?callback=window.utility2._stateInit\"></script>\\n\\","<script src=\"assets.npmtest_hock.rollup.js\"></script>\\n\\","<script src=\"assets.example.js\"></script>\\n\\","<script src=\"assets.test.js\"></script>\\n\\","<!-- utility2-comment\\n\\","{{/if isRollup}}\\n\\","utility2-comment -->\\n\\","<div class=\"utility2FooterDiv\">\\n\\","    [ this app was created with\\n\\","    <a href=\"https://github.com/kaizhu256/node-utility2\" target=\"_blank\">utility2</a>\\n\\","    ]\\n\\","</div>\\n\\","</body>\\n\\","</html>\\n\\","';","        /* jslint-ignore-end */","        if (local.templateRender) {","            local.assetsDict['/'] = local.templateRender(","                local.assetsDict['/assets.index.template.html'],","                {","                    env: local.objectSetDefault(local.env, {","                        npm_package_description: 'the greatest app in the world!',","                        npm_package_name: 'my-app',","                        npm_package_nameAlias: 'my_app',","                        npm_package_version: '0.0.1'","                    })","                }","            );","        } else {","            local.assetsDict['/'] = local.assetsDict['/assets.index.template.html']","                .replace((/\\{\\{env\\.(\\w+?)\\}\\}/g), function (match0, match1) {","                    // jslint-hack","                    String(match0);","                    switch (match1) {","                    case 'npm_package_description':","                        return 'the greatest app in the world!';","                    case 'npm_package_name':","                        return 'my-app';","                    case 'npm_package_nameAlias':","                        return 'my_app';","                    case 'npm_package_version':","                        return '0.0.1';","                    }","                });","        }","        // run the cli","        if (local.global.utility2_rollup || module !== require.main) {","            break;","        }","        local.assetsDict['/assets.example.js'] =","            local.assetsDict['/assets.example.js'] ||","            local.fs.readFileSync(__filename, 'utf8');","        // bug-workaround - long $npm_package_buildCustomOrg","        /* jslint-ignore-begin */","        local.assetsDict['/assets.npmtest_hock.rollup.js'] =","            local.assetsDict['/assets.npmtest_hock.rollup.js'] ||","            local.fs.readFileSync(","                local.npmtest_hock.__dirname + '/lib.npmtest_hock.js',","                'utf8'","            ).replace((/^#!/), '//');","        /* jslint-ignore-end */","        local.assetsDict['/favicon.ico'] = local.assetsDict['/favicon.ico'] || '';","        // if $npm_config_timeout_exit exists,","        // then exit this process after $npm_config_timeout_exit ms","        if (Number(process.env.npm_config_timeout_exit)) {","            setTimeout(process.exit, Number(process.env.npm_config_timeout_exit));","        }","        // start server","        if (local.global.utility2_serverHttp1) {","            break;","        }","        process.env.PORT = process.env.PORT || '8081';","        console.error('server starting on port ' + process.env.PORT);","        local.http.createServer(function (request, response) {","            request.urlParsed = local.url.parse(request.url);","            if (local.assetsDict[request.urlParsed.pathname] !== undefined) {","                response.end(local.assetsDict[request.urlParsed.pathname]);","                return;","            }","            response.statusCode = 404;","            response.end();","        }).listen(process.env.PORT);","        break;","    }","}());",""],"l":{"26":2,"28":2,"33":2,"35":2,"37":2,"38":2,"39":2,"44":1,"51":2,"55":2,"59":2,"61":2,"69":1,"70":2,"76":2,"79":2,"82":2,"83":2,"85":1,"89":2,"92":1,"93":1,"94":1,"96":1,"97":1,"100":1,"101":1,"103":1,"106":1,"108":2,"114":1,"116":1,"118":1,"123":1,"124":2,"125":2,"126":3,"127":3,"128":3,"129":3,"130":1,"133":3,"134":3,"139":3,"143":1,"144":3,"145":1,"149":1,"150":1,"158":1,"160":1,"161":1,"162":1,"164":1,"166":1,"258":1,"259":1,"271":1,"274":6,"275":6,"277":1,"279":2,"281":1,"283":2,"288":1,"289":1,"291":1,"296":1,"303":1,"306":1,"307":1,"310":1,"311":1,"313":1,"314":1,"315":1,"316":1,"317":1,"318":1,"319":1,"321":1,"322":1,"324":1}},"/home/travis/build/npmtest/node-npmtest-hock/node_modules/hock/lib/hock.js":{"path":"/home/travis/build/npmtest/node-npmtest-hock/node_modules/hock/lib/hock.js","s":{"1":1,"2":1,"3":0,"4":0,"5":0,"6":0,"7":1,"8":0,"9":0,"10":0,"11":0,"12":0,"13":1,"14":0,"15":0,"16":0,"17":0,"18":0,"19":0,"20":0,"21":1,"22":0,"23":0,"24":0,"25":0,"26":0,"27":0,"28":0,"29":0,"30":0,"31":0,"32":0,"33":0,"34":1,"35":0,"36":1,"37":0,"38":1,"39":0,"40":1,"41":0,"42":1,"43":0,"44":1,"45":0,"46":1,"47":0,"48":1,"49":0,"50":0,"51":1,"52":0,"53":0,"54":0,"55":0,"56":0,"57":1,"58":0,"59":0,"60":1,"61":0,"62":0,"63":0,"64":0,"65":0,"66":1,"67":0,"68":0,"69":1,"70":0,"71":0,"72":1,"73":0,"74":0,"75":0,"76":0,"77":0,"78":0,"79":0,"80":0,"81":0,"82":0,"83":0,"84":0,"85":0,"86":0,"87":0,"88":0,"89":0,"90":0,"91":0,"92":0,"93":1,"94":0,"95":1,"96":1},"b":{"1":[0,0],"2":[0,0],"3":[0,0],"4":[0,0],"5":[0,0],"6":[0,0],"7":[0,0,0,0],"8":[0,0],"9":[0,0],"10":[0,0],"11":[0,0],"12":[0,0],"13":[0,0],"14":[0,0],"15":[0,0],"16":[0,0],"17":[0,0],"18":[0,0],"19":[0,0],"20":[0,0],"21":[0,0],"22":[0,0],"23":[0,0],"24":[0,0],"25":[0,0],"26":[0,0],"27":[0,0],"28":[0,0],"29":[0,0],"30":[0,0,0],"31":[0,0]},"f":{"1":0,"2":0,"3":0,"4":0,"5":0,"6":0,"7":0,"8":0,"9":0,"10":0,"11":0,"12":0,"13":0,"14":0,"15":0,"16":0,"17":0,"18":0,"19":0,"20":0,"21":0,"22":0,"23":0,"24":0,"25":0,"26":0},"fnMap":{"1":{"name":"(anonymous_1)","line":17,"loc":{"start":{"line":17,"column":28},"end":{"line":17,"column":47}}},"2":{"name":"(anonymous_2)","line":32,"loc":{"start":{"line":32,"column":25},"end":{"line":32,"column":44}}},"3":{"name":"(anonymous_3)","line":55,"loc":{"start":{"line":55,"column":26},"end":{"line":55,"column":64}}},"4":{"name":"(anonymous_4)","line":64,"loc":{"start":{"line":64,"column":38},"end":{"line":64,"column":56}}},"5":{"name":"(anonymous_5)","line":81,"loc":{"start":{"line":81,"column":22},"end":{"line":81,"column":36}}},"6":{"name":"(anonymous_6)","line":85,"loc":{"start":{"line":85,"column":47},"end":{"line":85,"column":65}}},"7":{"name":"(anonymous_7)","line":90,"loc":{"start":{"line":90,"column":107},"end":{"line":90,"column":123}}},"8":{"name":"(anonymous_8)","line":117,"loc":{"start":{"line":117,"column":21},"end":{"line":117,"column":45}}},"9":{"name":"(anonymous_9)","line":134,"loc":{"start":{"line":134,"column":22},"end":{"line":134,"column":46}}},"10":{"name":"(anonymous_10)","line":152,"loc":{"start":{"line":152,"column":21},"end":{"line":152,"column":51}}},"11":{"name":"(anonymous_11)","line":171,"loc":{"start":{"line":171,"column":23},"end":{"line":171,"column":53}}},"12":{"name":"(anonymous_12)","line":190,"loc":{"start":{"line":190,"column":22},"end":{"line":190,"column":52}}},"13":{"name":"(anonymous_13)","line":209,"loc":{"start":{"line":209,"column":24},"end":{"line":209,"column":54}}},"14":{"name":"(anonymous_14)","line":228,"loc":{"start":{"line":228,"column":22},"end":{"line":228,"column":52}}},"15":{"name":"(anonymous_15)","line":245,"loc":{"start":{"line":245,"column":38},"end":{"line":245,"column":56}}},"16":{"name":"(anonymous_16)","line":261,"loc":{"start":{"line":261,"column":43},"end":{"line":261,"column":70}}},"17":{"name":"(anonymous_17)","line":262,"loc":{"start":{"line":262,"column":24},"end":{"line":262,"column":40}}},"18":{"name":"(anonymous_18)","line":281,"loc":{"start":{"line":281,"column":31},"end":{"line":281,"column":49}}},"19":{"name":"(anonymous_19)","line":297,"loc":{"start":{"line":297,"column":36},"end":{"line":297,"column":63}}},"20":{"name":"(anonymous_20)","line":298,"loc":{"start":{"line":298,"column":21},"end":{"line":298,"column":37}}},"21":{"name":"(anonymous_21)","line":315,"loc":{"start":{"line":315,"column":33},"end":{"line":315,"column":45}}},"22":{"name":"(anonymous_22)","line":329,"loc":{"start":{"line":329,"column":37},"end":{"line":329,"column":56}}},"23":{"name":"(anonymous_23)","line":342,"loc":{"start":{"line":342,"column":25},"end":{"line":342,"column":45}}},"24":{"name":"(anonymous_24)","line":349,"loc":{"start":{"line":349,"column":17},"end":{"line":349,"column":33}}},"25":{"name":"(anonymous_25)","line":353,"loc":{"start":{"line":353,"column":16},"end":{"line":353,"column":28}}},"26":{"name":"(anonymous_26)","line":394,"loc":{"start":{"line":394,"column":17},"end":{"line":394,"column":35}}}},"statementMap":{"1":{"start":{"line":1,"column":0},"end":{"line":3,"column":38}},"2":{"start":{"line":17,"column":0},"end":{"line":22,"column":2}},"3":{"start":{"line":18,"column":2},"end":{"line":18,"column":26}},"4":{"start":{"line":19,"column":2},"end":{"line":19,"column":109}},"5":{"start":{"line":20,"column":2},"end":{"line":20,"column":24}},"6":{"start":{"line":21,"column":2},"end":{"line":21,"column":51}},"7":{"start":{"line":32,"column":0},"end":{"line":42,"column":2}},"8":{"start":{"line":33,"column":2},"end":{"line":35,"column":3}},"9":{"start":{"line":34,"column":4},"end":{"line":34,"column":49}},"10":{"start":{"line":37,"column":2},"end":{"line":39,"column":3}},"11":{"start":{"line":38,"column":4},"end":{"line":38,"column":61}},"12":{"start":{"line":41,"column":2},"end":{"line":41,"column":33}},"13":{"start":{"line":55,"column":0},"end":{"line":71,"column":2}},"14":{"start":{"line":56,"column":2},"end":{"line":58,"column":3}},"15":{"start":{"line":57,"column":4},"end":{"line":57,"column":14}},"16":{"start":{"line":60,"column":2},"end":{"line":62,"column":3}},"17":{"start":{"line":61,"column":4},"end":{"line":61,"column":17}},"18":{"start":{"line":64,"column":2},"end":{"line":69,"column":4}},"19":{"start":{"line":65,"column":4},"end":{"line":68,"column":49}},"20":{"start":{"line":70,"column":2},"end":{"line":70,"column":24}},"21":{"start":{"line":81,"column":0},"end":{"line":106,"column":2}},"22":{"start":{"line":82,"column":2},"end":{"line":82,"column":10}},"23":{"start":{"line":84,"column":2},"end":{"line":94,"column":3}},"24":{"start":{"line":85,"column":4},"end":{"line":87,"column":7}},"25":{"start":{"line":86,"column":6},"end":{"line":86,"column":30}},"26":{"start":{"line":89,"column":4},"end":{"line":93,"column":5}},"27":{"start":{"line":90,"column":6},"end":{"line":92,"column":11}},"28":{"start":{"line":91,"column":8},"end":{"line":91,"column":44}},"29":{"start":{"line":96,"column":2},"end":{"line":98,"column":3}},"30":{"start":{"line":97,"column":4},"end":{"line":97,"column":22}},"31":{"start":{"line":100,"column":2},"end":{"line":102,"column":3}},"32":{"start":{"line":101,"column":4},"end":{"line":101,"column":14}},"33":{"start":{"line":104,"column":2},"end":{"line":104,"column":17}},"34":{"start":{"line":117,"column":0},"end":{"line":123,"column":2}},"35":{"start":{"line":118,"column":2},"end":{"line":122,"column":5}},"36":{"start":{"line":134,"column":0},"end":{"line":140,"column":2}},"37":{"start":{"line":135,"column":2},"end":{"line":139,"column":5}},"38":{"start":{"line":152,"column":0},"end":{"line":159,"column":2}},"39":{"start":{"line":153,"column":2},"end":{"line":158,"column":5}},"40":{"start":{"line":171,"column":0},"end":{"line":178,"column":2}},"41":{"start":{"line":172,"column":2},"end":{"line":177,"column":5}},"42":{"start":{"line":190,"column":0},"end":{"line":197,"column":2}},"43":{"start":{"line":191,"column":2},"end":{"line":196,"column":5}},"44":{"start":{"line":209,"column":0},"end":{"line":216,"column":2}},"45":{"start":{"line":210,"column":2},"end":{"line":215,"column":5}},"46":{"start":{"line":228,"column":0},"end":{"line":234,"column":2}},"47":{"start":{"line":229,"column":2},"end":{"line":233,"column":5}},"48":{"start":{"line":245,"column":0},"end":{"line":248,"column":2}},"49":{"start":{"line":246,"column":2},"end":{"line":246,"column":31}},"50":{"start":{"line":247,"column":2},"end":{"line":247,"column":14}},"51":{"start":{"line":261,"column":0},"end":{"line":270,"column":2}},"52":{"start":{"line":262,"column":2},"end":{"line":267,"column":4}},"53":{"start":{"line":263,"column":4},"end":{"line":265,"column":5}},"54":{"start":{"line":264,"column":6},"end":{"line":264,"column":43}},"55":{"start":{"line":266,"column":4},"end":{"line":266,"column":16}},"56":{"start":{"line":269,"column":2},"end":{"line":269,"column":14}},"57":{"start":{"line":281,"column":0},"end":{"line":284,"column":2}},"58":{"start":{"line":282,"column":2},"end":{"line":282,"column":28}},"59":{"start":{"line":283,"column":2},"end":{"line":283,"column":14}},"60":{"start":{"line":297,"column":0},"end":{"line":306,"column":2}},"61":{"start":{"line":298,"column":2},"end":{"line":303,"column":4}},"62":{"start":{"line":299,"column":4},"end":{"line":301,"column":5}},"63":{"start":{"line":300,"column":6},"end":{"line":300,"column":43}},"64":{"start":{"line":302,"column":4},"end":{"line":302,"column":16}},"65":{"start":{"line":305,"column":2},"end":{"line":305,"column":14}},"66":{"start":{"line":315,"column":0},"end":{"line":318,"column":1}},"67":{"start":{"line":316,"column":2},"end":{"line":316,"column":29}},"68":{"start":{"line":317,"column":2},"end":{"line":317,"column":14}},"69":{"start":{"line":329,"column":0},"end":{"line":332,"column":2}},"70":{"start":{"line":330,"column":2},"end":{"line":330,"column":38}},"71":{"start":{"line":331,"column":2},"end":{"line":331,"column":14}},"72":{"start":{"line":342,"column":0},"end":{"line":380,"column":2}},"73":{"start":{"line":343,"column":2},"end":{"line":343,"column":18}},"74":{"start":{"line":345,"column":2},"end":{"line":345,"column":24}},"75":{"start":{"line":347,"column":2},"end":{"line":347,"column":16}},"76":{"start":{"line":349,"column":2},"end":{"line":351,"column":5}},"77":{"start":{"line":350,"column":4},"end":{"line":350,"column":32}},"78":{"start":{"line":353,"column":2},"end":{"line":379,"column":5}},"79":{"start":{"line":355,"column":4},"end":{"line":360,"column":5}},"80":{"start":{"line":356,"column":6},"end":{"line":359,"column":7}},"81":{"start":{"line":357,"column":8},"end":{"line":357,"column":23}},"82":{"start":{"line":358,"column":8},"end":{"line":358,"column":14}},"83":{"start":{"line":362,"column":4},"end":{"line":378,"column":5}},"84":{"start":{"line":363,"column":6},"end":{"line":365,"column":7}},"85":{"start":{"line":364,"column":8},"end":{"line":364,"column":71}},"86":{"start":{"line":367,"column":6},"end":{"line":367,"column":67}},"87":{"start":{"line":368,"column":6},"end":{"line":370,"column":7}},"88":{"start":{"line":369,"column":8},"end":{"line":369,"column":32}},"89":{"start":{"line":371,"column":6},"end":{"line":371,"column":59}},"90":{"start":{"line":372,"column":6},"end":{"line":372,"column":41}},"91":{"start":{"line":375,"column":6},"end":{"line":377,"column":7}},"92":{"start":{"line":376,"column":8},"end":{"line":376,"column":50}},"93":{"start":{"line":394,"column":0},"end":{"line":396,"column":2}},"94":{"start":{"line":395,"column":2},"end":{"line":395,"column":27}},"95":{"start":{"line":398,"column":0},"end":{"line":398,"column":28}},"96":{"start":{"line":399,"column":0},"end":{"line":399,"column":39}}},"branchMap":{"1":{"line":18,"type":"binary-expr","locations":[{"start":{"line":18,"column":12},"end":{"line":18,"column":19}},{"start":{"line":18,"column":23},"end":{"line":18,"column":25}}]},"2":{"line":19,"type":"cond-expr","locations":[{"start":{"line":19,"column":76},"end":{"line":19,"column":100}},{"start":{"line":19,"column":103},"end":{"line":19,"column":107}}]},"3":{"line":33,"type":"if","locations":[{"start":{"line":33,"column":2},"end":{"line":33,"column":2}},{"start":{"line":33,"column":2},"end":{"line":33,"column":2}}]},"4":{"line":37,"type":"if","locations":[{"start":{"line":37,"column":2},"end":{"line":37,"column":2}},{"start":{"line":37,"column":2},"end":{"line":37,"column":2}}]},"5":{"line":56,"type":"if","locations":[{"start":{"line":56,"column":2},"end":{"line":56,"column":2}},{"start":{"line":56,"column":2},"end":{"line":56,"column":2}}]},"6":{"line":60,"type":"if","locations":[{"start":{"line":60,"column":2},"end":{"line":60,"column":2}},{"start":{"line":60,"column":2},"end":{"line":60,"column":2}}]},"7":{"line":65,"type":"binary-expr","locations":[{"start":{"line":65,"column":11},"end":{"line":65,"column":36}},{"start":{"line":66,"column":13},"end":{"line":66,"column":32}},{"start":{"line":67,"column":13},"end":{"line":67,"column":34}},{"start":{"line":68,"column":13},"end":{"line":68,"column":48}}]},"8":{"line":84,"type":"if","locations":[{"start":{"line":84,"column":2},"end":{"line":84,"column":2}},{"start":{"line":84,"column":2},"end":{"line":84,"column":2}}]},"9":{"line":89,"type":"if","locations":[{"start":{"line":89,"column":4},"end":{"line":89,"column":4}},{"start":{"line":89,"column":4},"end":{"line":89,"column":4}}]},"10":{"line":96,"type":"if","locations":[{"start":{"line":96,"column":2},"end":{"line":96,"column":2}},{"start":{"line":96,"column":2},"end":{"line":96,"column":2}}]},"11":{"line":97,"type":"binary-expr","locations":[{"start":{"line":97,"column":11},"end":{"line":97,"column":13}},{"start":{"line":97,"column":17},"end":{"line":97,"column":21}}]},"12":{"line":100,"type":"if","locations":[{"start":{"line":100,"column":2},"end":{"line":100,"column":2}},{"start":{"line":100,"column":2},"end":{"line":100,"column":2}}]},"13":{"line":121,"type":"binary-expr","locations":[{"start":{"line":121,"column":13},"end":{"line":121,"column":20}},{"start":{"line":121,"column":24},"end":{"line":121,"column":26}}]},"14":{"line":138,"type":"binary-expr","locations":[{"start":{"line":138,"column":13},"end":{"line":138,"column":20}},{"start":{"line":138,"column":24},"end":{"line":138,"column":26}}]},"15":{"line":156,"type":"binary-expr","locations":[{"start":{"line":156,"column":10},"end":{"line":156,"column":14}},{"start":{"line":156,"column":18},"end":{"line":156,"column":20}}]},"16":{"line":157,"type":"binary-expr","locations":[{"start":{"line":157,"column":13},"end":{"line":157,"column":20}},{"start":{"line":157,"column":24},"end":{"line":157,"column":26}}]},"17":{"line":175,"type":"binary-expr","locations":[{"start":{"line":175,"column":10},"end":{"line":175,"column":14}},{"start":{"line":175,"column":18},"end":{"line":175,"column":20}}]},"18":{"line":176,"type":"binary-expr","locations":[{"start":{"line":176,"column":13},"end":{"line":176,"column":20}},{"start":{"line":176,"column":24},"end":{"line":176,"column":26}}]},"19":{"line":194,"type":"binary-expr","locations":[{"start":{"line":194,"column":10},"end":{"line":194,"column":14}},{"start":{"line":194,"column":18},"end":{"line":194,"column":20}}]},"20":{"line":195,"type":"binary-expr","locations":[{"start":{"line":195,"column":13},"end":{"line":195,"column":20}},{"start":{"line":195,"column":24},"end":{"line":195,"column":26}}]},"21":{"line":213,"type":"binary-expr","locations":[{"start":{"line":213,"column":10},"end":{"line":213,"column":14}},{"start":{"line":213,"column":18},"end":{"line":213,"column":20}}]},"22":{"line":214,"type":"binary-expr","locations":[{"start":{"line":214,"column":13},"end":{"line":214,"column":20}},{"start":{"line":214,"column":24},"end":{"line":214,"column":26}}]},"23":{"line":232,"type":"binary-expr","locations":[{"start":{"line":232,"column":13},"end":{"line":232,"column":20}},{"start":{"line":232,"column":24},"end":{"line":232,"column":26}}]},"24":{"line":263,"type":"if","locations":[{"start":{"line":263,"column":4},"end":{"line":263,"column":4}},{"start":{"line":263,"column":4},"end":{"line":263,"column":4}}]},"25":{"line":299,"type":"if","locations":[{"start":{"line":299,"column":4},"end":{"line":299,"column":4}},{"start":{"line":299,"column":4},"end":{"line":299,"column":4}}]},"26":{"line":356,"type":"if","locations":[{"start":{"line":356,"column":6},"end":{"line":356,"column":6}},{"start":{"line":356,"column":6},"end":{"line":356,"column":6}}]},"27":{"line":362,"type":"if","locations":[{"start":{"line":362,"column":4},"end":{"line":362,"column":4}},{"start":{"line":362,"column":4},"end":{"line":362,"column":4}}]},"28":{"line":363,"type":"if","locations":[{"start":{"line":363,"column":6},"end":{"line":363,"column":6}},{"start":{"line":363,"column":6},"end":{"line":363,"column":6}}]},"29":{"line":368,"type":"if","locations":[{"start":{"line":368,"column":6},"end":{"line":368,"column":6}},{"start":{"line":368,"column":6},"end":{"line":368,"column":6}}]},"30":{"line":368,"type":"binary-expr","locations":[{"start":{"line":368,"column":10},"end":{"line":368,"column":30}},{"start":{"line":368,"column":34},"end":{"line":368,"column":56}},{"start":{"line":368,"column":60},"end":{"line":368,"column":81}}]},"31":{"line":375,"type":"if","locations":[{"start":{"line":375,"column":6},"end":{"line":375,"column":6}},{"start":{"line":375,"column":6},"end":{"line":375,"column":6}}]}},"code":["var http = require('http'),","    Request = require('./request'),","    deepEqual = require('deep-equal');","","/**"," * Hock class"," *"," * @description This is the main class for Hock. It handles creation"," * of the underlying webserver, and enqueing all of the requests."," *"," * @param {object}      [options]       options for your Hock server"," * @param {boolean}     [options.throwOnUnmatched]  Tell Hock to throw if"," *    receiving a request without a match (Default=true)"," *"," * @type {Function}"," */","var Hock = module.exports = function (options) {","  options = options || {};","  this._throwOnUnmatched = (typeof options.throwOnUnmatched === 'boolean' ? options.throwOnUnmatched : true);","  this._assertions = [];","  this.handler = Hock.prototype.handler.bind(this);","};","","/**"," * Hock.enqueue"," *"," * @description enqueue a request into the queue"," *"," * @param {object}    request     The request to enter in the hock queue"," * @param request"," */","Hock.prototype.enqueue = function (request) {","  if (this._requestFilter) {","    request._requestFilter = this._requestFilter;","  }","","  if (this._defaultReplyHeaders) {","    request._defaultReplyHeaders = this._defaultReplyHeaders;","  }","","  this._assertions.push(request);","};","","/**"," * Hock.hasRoute"," *"," * @description test if there is a request on the assertions queue"," *"," * @param {String}    method      the method of the request to match"," * @param {String}    url         the route of the request to match"," * @param {String}    [body]      optionally - use if you set a body"," * @param {object}    [headers]   optionally - use if you set a header"," * @returns {Boolean}"," */","Hock.prototype.hasRoute = function (method, url, body, headers) {","  if (!body) {","    body = '';","  }","","  if (!headers) {","    headers = {};","  }","","  var found = this._assertions.filter(function(request) {","    return request.method === method","          && request.url === url","          && request.body === body","          && deepEqual(request.headers, headers);","  })","  return !!found.length;","};","","/**"," * Hock.done"," *"," * @description Throw an error if there are unprocessed requests in the assertions queue."," * If there are unfinsihed requests, i.e. min: 2, max 4 with a count of 2, that request will be"," * ignored for the purposes of throwing an error."," *"," */","Hock.prototype.done = function (cb) {","  var err;","","  if (this._assertions.length) {","    this._assertions = this._assertions.filter(function(request) {","      return request.isDone();","    });","","    if (this._assertions.length) {","      err = new Error('Unprocessed Requests in Assertions Queue: \\n' + JSON.stringify(this._assertions.map(function (item) {","        return item.method + ' ' + item.url;","      })));","    }","  }","","  if (!err) {","    return cb && cb();","  }","","  if (!cb) {","    throw err;","  }","","  return cb(err);","","};","","/**"," * Hock.get"," *"," * @description enqueue a GET request into the assertion queue"," *"," * @param {String}    url         the route of the request to match"," * @param {object}    [headers]   optionally match the request headers"," * @returns {Request}"," */","Hock.prototype.get = function (url, headers) {","  return new Request(this, {","    method: 'GET',","    url: url,","    headers: headers || {}","  });","};","","/**"," * Hock.head"," *"," * @description enqueue a HEAD request into the assertion queue"," *"," * @param {String}    url         the route of the request to match"," * @param {object}    [headers]   optionally match the request headers"," * @returns {Request}"," */","Hock.prototype.head = function (url, headers) {","  return new Request(this, {","    method: 'HEAD',","    url: url,","    headers: headers || {}","  });","};","","/**"," * Hock.put"," *"," * @description enqueue a PUT request into the assertion queue"," *"," * @param {String}          url         the route of the request to match"," * @param {object|String}   [body]      the request body (if any) of the request to match"," * @param {object}          [headers]   optionally match the request headers"," * @returns {Request}"," */","Hock.prototype.put = function (url, body, headers) {","  return new Request(this, {","    method: 'PUT',","    url: url,","    body: body || '',","    headers: headers || {}","  });","};","","/**"," * Hock.patch"," *"," * @description enqueue a PATCH request into the assertion queue"," *"," * @param {String}          url         the route of the request to match"," * @param {object|String}   [body]      the request body (if any) of the request to match"," * @param {object}          [headers]   optionally match the request headers"," * @returns {Request}"," */","Hock.prototype.patch = function (url, body, headers) {","  return new Request(this, {","    method: 'PATCH',","    url: url,","    body: body || '',","    headers: headers || {}","  });","};","","/**"," * Hock.post"," *"," * @description enqueue a POST request into the assertion queue"," *"," * @param {String}          url         the route of the request to match"," * @param {object|String}   [body]      the request body (if any) of the request to match"," * @param {object}          [headers]   optionally match the request headers"," * @returns {Request}"," */","Hock.prototype.post = function (url, body, headers) {","  return new Request(this, {","    method: 'POST',","    url: url,","    body: body || '',","    headers: headers || {}","  });","};","","/**"," * Hock.delete"," *"," * @description enqueue a DELETE request into the assertion queue"," *"," * @param {String}          url         the route of the request to match"," * @param {object|String}   [body]      the request body (if any) of the request to match"," * @param {object}          [headers]   optionally match the request headers"," * @returns {Request}"," */","Hock.prototype.delete = function (url, body, headers) {","  return new Request(this, {","    method: 'DELETE',","    url: url,","    body: body || '',","    headers: headers || {}","  });","};","","/**"," * Hock.copy"," *"," * @description enqueue a COPY request into the assertion queue"," *"," * @param {String}          url         the route of the request to match"," * @param {object|String}   [body]      the request body (if any) of the request to match"," * @param {object}          [headers]   optionally match the request headers"," * @returns {Request}"," */","Hock.prototype.copy = function (url, body, headers) {","  return new Request(this, {","    method: 'COPY',","    url: url,","    headers: headers || {}","  });","};","","/**"," * Hock.filteringRequestBody"," *"," * @description Provide a function to Hock to filter the request body"," *"," * @param {function}    filter    the function to filter on"," *"," * @returns {Hock}"," */","Hock.prototype.filteringRequestBody = function (filter) {","  this._requestFilter = filter;","  return this;","};","","/**"," * Hock.filteringRequestBodyRegEx"," *"," * @description match incoming requests, and replace the body based on"," * a regular expression match"," *"," * @param {RegEx}       source    The source regular expression"," * @param {string}      replace   What to replace the source with"," *"," * @returns {Hock}"," */","Hock.prototype.filteringRequestBodyRegEx = function (source, replace) {","  this._requestFilter = function (path) {","    if (path) {","      path = path.replace(source, replace);","    }","    return path;","  };","","  return this;","};","","/**"," * Hock.filteringPath"," *"," * @description Provide a function to Hock to filter request path"," *"," * @param {function}    filter    the function to filter on"," *"," * @returns {Hock}"," */","Hock.prototype.filteringPath = function (filter) {","  this._pathFilter = filter;","  return this;","};","","/**"," * Hock.filteringPathRegEx"," *"," * @description match incoming requests, and replace the path based on"," * a regular expression match"," *"," * @param {RegEx}       source    The source regular expression"," * @param {string}      replace   What to replace the source with"," *"," * @returns {Hock}"," */","Hock.prototype.filteringPathRegEx = function (source, replace) {","  this._pathFilter = function (path) {","    if (path) {","      path = path.replace(source, replace);","    }","    return path;","  };","","  return this;","};","","/**"," * Hock.clearBodyFilter"," *"," * @description clear the body request filter, if any"," *"," * @returns {Hock}"," */","Hock.prototype.clearBodyFilter = function () {","  delete this._requestFilter;","  return this;","}","","/**"," * Hock.defaultReplyHeaders"," *"," * @description set standard headers for all responses"," *"," * @param {object}    headers   the list of headers to send by default"," *"," * @returns {Hock}"," */","Hock.prototype.defaultReplyHeaders = function (headers) {","  this._defaultReplyHeaders = headers;","  return this;","};","","/**"," * Hock.handler"," *"," * @description Handle incoming requests"," *"," * @returns {Function}"," * @private"," */","Hock.prototype.handler = function (req, res) {","  var self = this;","","  var matchIndex = null;","","  req.body = '';","","  req.on('data', function (data) {","    req.body += data.toString();","  });","","  req.on('end', function () {","","    for (var i = 0; i < self._assertions.length; i++) {","      if (self._assertions[i].isMatch(req)) {","        matchIndex = i;","        break;","      }","    }","","    if (matchIndex === null) {","      if (self._throwOnUnmatched) {","        throw new Error('No Match For: ' + req.method + ' ' + req.url);","      }","","      console.error('No Match For: ' + req.method + ' ' + req.url);","      if (req.method === 'PUT' || req.method === 'PATCH' || req.method === 'POST') {","        console.error(req.body);","      }","      res.writeHead(500, { 'Content-Type': 'text/plain' });","      res.end('No Matching Response!\\n');","    }","    else {","      if (self._assertions[matchIndex].sendResponse(res)) {","        self._assertions.splice(matchIndex, 1)[0];","      }","    }","  });","};","","/**"," * exports.createHock"," *"," * @description static method for creating your hock server"," *"," * @param {object}      [options]       options for your Hock server"," * @param {Number}      [options.port]  port number for your Hock server"," * @param {boolean}     [options.throwOnUnmatched]  Tell Hock to throw if"," *    receiving a request without a match (Default=true)"," *"," * @returns {Hock}"," */","var createHock = function(options) {","  return new Hock(options);","};","","module.exports = createHock;","module.exports.createHock = createHock;",""],"l":{"1":1,"17":1,"18":0,"19":0,"20":0,"21":0,"32":1,"33":0,"34":0,"37":0,"38":0,"41":0,"55":1,"56":0,"57":0,"60":0,"61":0,"64":0,"65":0,"70":0,"81":1,"82":0,"84":0,"85":0,"86":0,"89":0,"90":0,"91":0,"96":0,"97":0,"100":0,"101":0,"104":0,"117":1,"118":0,"134":1,"135":0,"152":1,"153":0,"171":1,"172":0,"190":1,"191":0,"209":1,"210":0,"228":1,"229":0,"245":1,"246":0,"247":0,"261":1,"262":0,"263":0,"264":0,"266":0,"269":0,"281":1,"282":0,"283":0,"297":1,"298":0,"299":0,"300":0,"302":0,"305":0,"315":1,"316":0,"317":0,"329":1,"330":0,"331":0,"342":1,"343":0,"345":0,"347":0,"349":0,"350":0,"353":0,"355":0,"356":0,"357":0,"358":0,"362":0,"363":0,"364":0,"367":0,"368":0,"369":0,"371":0,"372":0,"375":0,"376":0,"394":1,"395":0,"398":1,"399":1}},"/home/travis/build/npmtest/node-npmtest-hock/node_modules/hock/lib/request.js":{"path":"/home/travis/build/npmtest/node-npmtest-hock/node_modules/hock/lib/request.js","s":{"1":1,"2":1,"3":0,"4":1,"5":0,"6":0,"7":0,"8":0,"9":0,"10":0,"11":0,"12":0,"13":0,"14":0,"15":0,"16":0,"17":0,"18":0,"19":0,"20":0,"21":1,"22":0,"23":0,"24":0,"25":1,"26":0,"27":0,"28":0,"29":1,"30":0,"31":0,"32":0,"33":0,"34":0,"35":0,"36":0,"37":0,"38":1,"39":0,"40":1,"41":0,"42":1,"43":0,"44":1,"45":0,"46":1,"47":0,"48":1,"49":0,"50":0,"51":0,"52":0,"53":0,"54":0,"55":0,"56":0,"57":0,"58":1,"59":0,"60":0,"61":0,"62":0,"63":0,"64":1,"65":0,"66":0,"67":0,"68":0,"69":0,"70":0,"71":0,"72":0,"73":0,"74":0,"75":0,"76":0,"77":0,"78":0,"79":0,"80":0,"81":0,"82":0,"83":0,"84":0,"85":0,"86":1,"87":0,"88":1,"89":0,"90":1,"91":0},"b":{"1":[0,0,0,0],"2":[0,0],"3":[0,0],"4":[0,0],"5":[0,0],"6":[0,0],"7":[0,0],"8":[0,0],"9":[0,0],"10":[0,0],"11":[0,0],"12":[0,0],"13":[0,0],"14":[0,0],"15":[0,0],"16":[0,0],"17":[0,0,0],"18":[0,0],"19":[0,0,0,0],"20":[0,0],"21":[0,0],"22":[0,0],"23":[0,0],"24":[0,0],"25":[0,0],"26":[0,0],"27":[0,0]},"f":{"1":0,"2":0,"3":0,"4":0,"5":0,"6":0,"7":0,"8":0,"9":0,"10":0,"11":0,"12":0,"13":0,"14":0,"15":0,"16":0,"17":0,"18":0,"19":0,"20":0},"fnMap":{"1":{"name":"isStream","line":5,"loc":{"start":{"line":5,"column":0},"end":{"line":5,"column":23}}},"2":{"name":"(anonymous_2)","line":28,"loc":{"start":{"line":28,"column":31},"end":{"line":28,"column":58}}},"3":{"name":"(anonymous_3)","line":40,"loc":{"start":{"line":40,"column":36},"end":{"line":40,"column":51}}},"4":{"name":"(anonymous_4)","line":65,"loc":{"start":{"line":65,"column":26},"end":{"line":65,"column":63}}},"5":{"name":"(anonymous_5)","line":87,"loc":{"start":{"line":87,"column":34},"end":{"line":87,"column":75}}},"6":{"name":"(anonymous_6)","line":110,"loc":{"start":{"line":110,"column":25},"end":{"line":110,"column":43}}},"7":{"name":"(anonymous_7)","line":138,"loc":{"start":{"line":138,"column":24},"end":{"l
[...]
n":2},"end":{"line":34,"column":39}},"10":{"start":{"line":36,"column":2},"end":{"line":38,"column":3}},"11":{"start":{"line":37,"column":4},"end":{"line":37,"column":45}},"12":{"start":{"line":40,"column":2},"end":{"line":45,"column":5}},"13":{"start":{"line":41,"column":4},"end":{"line":41,"column":56}},"14":{"start":{"line":42,"column":4},"end":{"line":44,"column":5}},"15":{"start":{"line":43,"column":6},"end":{"line":43,"column":31}},"16":{"start":{"line":47,"column":2},"end":{"line":47,"column":33}},"17":{"start":{"line":49,"column":2},"end":{"line":49,"column":24}},"18":{"start":{"line":50,"column":2},"end":{"line":50,"column":24}},"19":{"start":{"line":51,"column":2},"end":{"line":51,"column":24}},"20":{"start":{"line":52,"column":2},"end":{"line":52,"column":18}},"21":{"start":{"line":65,"column":0},"end":{"line":75,"column":2}},"22":{"start":{"line":66,"column":2},"end":{"line":70,"column":4}},"23":{"start":{"line":72,"column":2},"end":{"line":72,"column":29}},"24":{"start":{"line":74,"column":2},"end":{"line":74,"column":22}},"25":{"start":{"line":87,"column":0},"end":{"line":98,"column":2}},"26":{"start":{"line":88,"column":2},"end":{"line":92,"column":4}},"27":{"start":{"line":94,"column":2},"end":{"line":94,"column":29}},"28":{"start":{"line":96,"column":2},"end":{"line":96,"column":22}},"29":{"start":{"line":110,"column":0},"end":{"line":128,"column":2}},"30":{"start":{"line":111,"column":2},"end":{"line":114,"column":4}},"31":{"start":{"line":116,"column":2},"end":{"line":121,"column":3}},"32":{"start":{"line":117,"column":4},"end":{"line":117,"column":36}},"33":{"start":{"line":118,"column":4},"end":{"line":120,"column":5}},"34":{"start":{"line":119,"column":6},"end":{"line":119,"column":44}},"35":{"start":{"line":123,"column":2},"end":{"line":125,"column":3}},"36":{"start":{"line":124,"column":4},"end":{"line":124,"column":36}},"37":{"start":{"line":127,"column":2},"end":{"line":127,"column":14}},"38":{"start":{"line":138,"column":0},"end":{"line":140,"column":2}},"39":{"start":{"line":139,"column":2},"end":{"line":139,"column":36}},"40":{"start":{"line":150,"column":0},"end":{"line":152,"column":2}},"41":{"start":{"line":151,"column":2},"end":{"line":151,"column":36}},"42":{"start":{"line":161,"column":0},"end":{"line":163,"column":2}},"43":{"start":{"line":162,"column":2},"end":{"line":162,"column":39}},"44":{"start":{"line":172,"column":0},"end":{"line":174,"column":1}},"45":{"start":{"line":173,"column":2},"end":{"line":173,"column":39}},"46":{"start":{"line":183,"column":0},"end":{"line":185,"column":1}},"47":{"start":{"line":184,"column":2},"end":{"line":184,"column":46}},"48":{"start":{"line":196,"column":0},"end":{"line":227,"column":2}},"49":{"start":{"line":197,"column":2},"end":{"line":197,"column":18}},"50":{"start":{"line":199,"column":2},"end":{"line":201,"column":3}},"51":{"start":{"line":200,"column":4},"end":{"line":200,"column":56}},"52":{"start":{"line":203,"column":2},"end":{"line":215,"column":3}},"53":{"start":{"line":204,"column":4},"end":{"line":204,"column":88}},"54":{"start":{"line":207,"column":4},"end":{"line":207,"column":28}},"55":{"start":{"line":208,"column":4},"end":{"line":210,"column":5}},"56":{"start":{"line":209,"column":6},"end":{"line":209,"column":47}},"57":{"start":{"line":212,"column":4},"end":{"line":213,"column":43}},"58":{"start":{"line":217,"column":2},"end":{"line":226,"column":3}},"59":{"start":{"line":218,"column":4},"end":{"line":218,"column":21}},"60":{"start":{"line":219,"column":4},"end":{"line":223,"column":7}},"61":{"start":{"line":220,"column":6},"end":{"line":222,"column":7}},"62":{"start":{"line":221,"column":8},"end":{"line":221,"column":22}},"63":{"start":{"line":225,"column":4},"end":{"line":225,"column":17}},"64":{"start":{"line":236,"column":0},"end":{"line":277,"column":2}},"65":{"start":{"line":237,"column":2},"end":{"line":237,"column":18}},"66":{"start":{"line":239,"column":2},"end":{"line":239,"column":16}},"67":{"start":{"line":241,"column":2},"end":{"line":241,"column":67}},"68":{"start":{"line":243,"column":2},"end":{"line":243,"column":56}},"69":{"start":{"line":245,"column":2},"end":{"line":274,"column":3}},"70":{"start":{"line":246,"column":4},"end":{"line":246,"column":40}},"71":{"start":{"line":248,"column":4},"end":{"line":267,"column":5}},"72":{"start":{"line":251,"column":6},"end":{"line":251,"column":20}},"73":{"start":{"line":253,"column":6},"end":{"line":259,"column":9}},"74":{"start":{"line":254,"column":8},"end":{"line":254,"column":18}},"75":{"start":{"line":255,"column":8},"end":{"line":258,"column":9}},"76":{"start":{"line":256,"column":10},"end":{"line":256,"column":27}},"77":{"start":{"line":257,"column":10},"end":{"line":257,"column":32}},"78":{"start":{"line":260,"column":6},"end":{"line":263,"column":9}},"79":{"start":{"line":261,"column":8},"end":{"line":261,"column":49}},"80":{"start":{"line":262,"column":8},"end":{"line":262,"column":23}},"81":{"start":{"line":266,"column":6},"end":{"line":266,"column":32}},"82":{"start":{"line":269,"column":7},"end":{"line":274,"column":3}},"83":{"start":{"line":270,"column":4},"end":{"line":270,"column":53}},"84":{"start":{"line":273,"column":4},"end":{"line":273,"column":37}},"85":{"start":{"line":276,"column":2},"end":{"line":276,"column":28}},"86":{"start":{"line":286,"column":0},"end":{"line":288,"column":2}},"87":{"start":{"line":287,"column":2},"end":{"line":287,"column":81}},"88":{"start":{"line":297,"column":0},"end":{"line":299,"column":2}},"89":{"start":{"line":298,"column":2},"end":{"line":298,"column":42}},"90":{"start":{"line":306,"column":0},"end":{"line":320,"column":2}},"91":{"start":{"line":307,"column":2},"end":{"line":319,"column":4}}},"branchMap":{"1":{"line":6,"type":"binary-expr","locations":[{"start":{"line":6,"column":9},"end":{"line":6,"column":12}},{"start":{"line":7,"column":7},"end":{"line":7,"column":28}},{"start":{"line":8,"column":7},"end":{"line":8,"column":29}},{"start":{"line":9,"column":6},"end":{"line":9,"column":43}}]},"2":{"line":31,"type":"binary-expr","locations":[{"start":{"line":31,"column":16},"end":{"line":31,"column":30}},{"start":{"line":31,"column":34},"end":{"line":31,"column":39}}]},"3":{"line":33,"type":"binary-expr","locations":[{"start":{"line":33,"column":14},"end":{"line":33,"column":26}},{"start":{"line":33,"column":30},"end":{"line":33,"column":32}}]},"4":{"line":34,"type":"binary-expr","locations":[{"start":{"line":34,"column":17},"end":{"line":34,"column":32}},{"start":{"line":34,"column":36},"end":{"line":34,"column":38}}]},"5":{"line":36,"type":"if","locations":[{"start":{"line":36,"column":2},"end":{"line":36,"column":2}},{"start":{"line":36,"column":2},"end":{"line":36,"column":2}}]},"6":{"line":42,"type":"if","locations":[{"start":{"line":42,"column":4},"end":{"line":42,"column":4}},{"start":{"line":42,"column":4},"end":{"line":42,"column":4}}]},"7":{"line":67,"type":"binary-expr","locations":[{"start":{"line":67,"column":16},"end":{"line":67,"column":26}},{"start":{"line":67,"column":30},"end":{"line":67,"column":33}}]},"8":{"line":68,"type":"binary-expr","locations":[{"start":{"line":68,"column":10},"end":{"line":68,"column":14}},{"start":{"line":68,"column":18},"end":{"line":68,"column":20}}]},"9":{"line":89,"type":"binary-expr","locations":[{"start":{"line":89,"column":16},"end":{"line":89,"column":26}},{"start":{"line":89,"column":30},"end":{"line":89,"column":33}}]},"10":{"line":111,"type":"binary-expr","locations":[{"start":{"line":111,"column":12},"end":{"line":111,"column":19}},{"start":{"line":111,"column":23},"end":{"line":114,"column":3}}]},"11":{"line":116,"type":"if","locations":[{"start":{"line":116,"column":2},"end":{"line":116,"column":2}},{"start":{"line":116,"column":2},"end":{"line":116,"column":2}}]},"12":{"line":118,"type":"if","locations":[{"start":{"line":118,"column":4},"end":{"line":118,"column":4}},{"start":{"line":118,"column":4},"end":{"line":118,"column":4}}]},"13":{"line":123,"type":"if","locations":[{"start":{"line":123,"column":2},"end":{"line":123,"column":2}},{"start":{"line":123,"column":2},"end":{"line":123,"column":2}}]},"14":{"line":199,"type":"if","locations":[{"start":{"line":199,"column":2},"end":{"line":199,"column":2}},{"start":{"line":199,"column":2},"end":{"line":199,"column":2}}]},"15":{"line":203,"type":"if","locations":[{"start":{"line":203,"column":2},"end":{"line":203,"column":2}},{"start":{"line":203,"column":2},"end":{"line":203,"column":2}}]},"16":{"line":203,"type":"binary-expr","locations":[{"start":{"line":203,"column":6},"end":{"line":203,"column":30}},{"start":{"line":203,"column":34},"end":{"line":203,"column":61}}]},"17":{"line":204,"type":"binary-expr","locations":[{"start":{"line":204,"column":11},"end":{"line":204,"column":41}},{"start":{"line":204,"column":45},"end":{"line":204,"column":69}},{"start":{"line":204,"column":73},"end":{"line":204,"column":87}}]},"18":{"line":208,"type":"if","locations":[{"start":{"line":208,"column":4},"end":{"line":208,"column":4}},{"start":{"line":208,"column":4},"end":{"line":208,"column":4}}]},"19":{"line":212,"type":"binary-expr","locations":[{"start":{"line":212,"column":11},"end":{"line":212,"column":41}},{"start":{"line":212,"column":45},"end":{"line":212,"column":69}},{"start":{"line":213,"column":6},"end":{"line":213,"column":24}},{"start":{"line":213,"column":28},"end":{"line":213,"column":42}}]},"20":{"line":220,"type":"if","locations":[{"start":{"line":220,"column":6},"end":{"line":220,"column":6}},{"start":{"line":220,"column":6},"end":{"line":220,"column":6}}]},"21":{"line":220,"type":"binary-expr","locations":[{"start":{"line":220,"column":10},"end":{"line":220,"column":27}},{"start":{"line":220,"column":31},"end":{"line":220,"column":73}}]},"22":{"line":241,"type":"binary-expr","locations":[{"start":{"line":241,"column":16},"end":{"line":241,"column":37}},{"start":{"line":241,"column":41},"end":{"line":241,"column":66}}]},"23":{"line":245,"type":"if","locations":[{"start":{"line":245,"column":2},"end":{"line":245,"column":2}},{"start":{"line":245,"column":2},"end":{"line":245,"column":2}}]},"24":{"line":248,"type":"if","locations":[{"start":{"line":248,"column":4},"end":{"line":248,"column":4}},{"start":{"line":248,"column":4},"end":{"line":248,"column":4}}]},"25":{"line":269,"type":"if","locations":[{"start":{"line":269,"column":7},"end":{"line":269,"column":7}},{"start":{"line":269,"column":7},"end":{"line":269,"column":7}}]},"26":{"line":269,"type":"binary-expr","locations":[{"start":{"line":269,"column":12},"end":{"line":269,"column":50}},{"start":{"line":269,"column":55},"end":{"line":269,"column":91}}]},"27":{"line":287,"type":"binary-expr","locations":[{"start":{"line":287,"column":11},"end":{"line":287,"column":43}},{"start":{"line":287,"column":47},"end":{"line":287,"column":79}}]}},"code":["var fs = require('fs'),","    Stream = require('stream');","","// From Nock","function isStream(obj) {","  return obj &&","      (typeof a !== 'string') &&","      (! Buffer.isBuffer(obj)) &&","      typeof obj.setEncoding === 'function';","}","","/**"," * Request class"," *"," * @description This is the Request class for Hock. It represents a single request,"," * and the response to that request"," *"," * @param {object}      parent    the hock server this request belongs to"," * @param {object}      options"," * @param {String}      options.url         the route for the current request i.e. /foo/bar"," * @param {String|object}   [options.body]  optional request body"," *"," * @param {object}      [options.headers]   optional request headers"," * @param {object}      [options.method]    the method for the request (default=GET)"," *"," * @type {Function}"," */","var Request = module.exports = function (parent, options) {","  var self = this;","","  this.method = options.method || 'GET';","  this.url = options.url;","  this.body = options.body || '';","  this.headers = options.headers || {};","","  if (typeof options.body === 'object') {","    this.body = JSON.stringify(options.body);","  }","","  Object.keys(this.headers).forEach(function (key) {","    self.headers[key.toLowerCase()] = self.headers[key];","    if (key.toLowerCase() !== key) {","      delete self.headers[key];","    }","  });","","  this._defaultReplyHeaders = {};","","  this._parent = parent;","  this._minRequests = 1;","  this._maxRequests = 1;","  this._count = 0;","};","","/**"," * Request.reply"," *"," * @description provide the mocked reply for the current request"," *"," * @param {Number}          [statusCode]    Status Code for the response (200)"," * @param {String|object}   [body]          The body for the response"," * @param {object}          [headers]       Headers for the response"," * @returns {*}"," */","Request.prototype.reply = function (statusCode, body, headers) {","  this.response = {","    statusCode: statusCode || 200,","    body: body || '',","    headers: headers","  };","","  this._parent.enqueue(this);","","  return this._parent;","};","","/**"," * Request.replyWithFile"," *"," * @description provide the mocked reply for the current request based on an input file"," *"," * @param {Number}          statusCode      Status Code for the response (200)"," * @param {String}          filePath        The path of the file to respond with"," * @param {object}          [headers]       Headers for the response"," * @returns {*}"," */","Request.prototype.replyWithFile = function (statusCode, filePath, headers) {","  this.response = {","    statusCode: statusCode || 200,","    body: fs.createReadStream(filePath),","    headers: headers","  };","","  this._parent.enqueue(this);","","  return this._parent;","","};","","/**"," * Request.many"," *"," * @decsription allow a request to match multiple queries at the same url."," *"," * @param {object}    [options]       (default={min: 1, max: infinity})"," * @param {object}    [options.min]   minimum requests to be matched"," * @param {object}    [options.max]   max requests to be matched, must be >= min."," * @returns {Request}"," */","Request.prototype.many = function(options) {","  options = options || {","    min: 1,","    max: Infinity","  };","","  if (typeof options.min === 'number') {","    this._minRequests = options.min;","    if (this._minRequests > this._maxRequests) {","      this._maxRequests = this._minRequests;","    }","  }","","  if (typeof options.max === 'number') {","    this._maxRequests = options.max;","  }","","  return this;","};","","/**"," * Request.min"," *"," * @description convenience function to provide a number for minimum requests"," *"," * @param {Number}    number    the value for min"," * @returns {Request}"," */","Request.prototype.min = function(number) {","  return this.many({ min: number });","};","","/**"," * Request.max"," *"," * @description convenience function to provide a number for maximum requests"," *"," * @param {Number}    number    the value for max"," * @returns {Request}"," */","Request.prototype.max = function (number) {","  return this.many({ max: number });","};","","/**"," * Request.once"," *"," * @description convenience function to set min, max to 1"," *"," * @returns {Request}"," */","Request.prototype.once = function() {","  return this.many({ min: 1, max: 1 });","};","","/**"," * Request.twice"," *"," * @description convenience function to set min, max to 2"," *"," * @returns {Request}"," */","Request.prototype.twice = function() {","  return this.many({ min: 1, max: 2 });","}","","/**"," * Request.any"," *"," * @description convenience function to set min 0, max to Infinity"," *"," * @returns {Request}"," */","Request.prototype.any = function() {","  return this.many({ min: 0, max: Infinity });","}","","/**"," * Request.isMatch"," *"," * @description identify if the current request matches the provided request"," *"," * @param {object}      request   The request from the Hock server"," *"," * @returns {boolean|*}"," */","Request.prototype.isMatch = function(request) {","  var self = this;","","  if (this._parent._pathFilter) {","    request.url = this._parent._pathFilter(request.url);","  }","","  if (request.method === 'GET' || request.method === 'DELETE') {","    return this.method === request.method && request.url === this.url && checkHeaders();","  }","  else {","    var body = request.body;","    if (this._requestFilter) {","      body = this._requestFilter(request.body);","    }","","    return this.method === request.method && this.url === request.url &&","      this.body === body && checkHeaders();","","  }","","  function checkHeaders() {","    var match = true;","    Object.keys(self.headers).forEach(function (key) {","      if (self.headers[key] && self.headers[key] !== request.headers[key]) {","        match = false;","      }","    });","","    return match;","  }","};","","/**"," * Request.sendResponse"," *"," * @description send the response to the provided Hock response"," *"," * @param {object}    response    The response object from the hock server"," */","Request.prototype.sendResponse = function(response) {","  var self = this;","","  this._count++;","","  var headers = this.response.headers || this._defaultReplyHeaders;","","  response.writeHead(this.response.statusCode, headers);","","  if (isStream(this.response.body)) {","    var readStream = this.response.body;","","    if (this._maxRequests > 1) {","      // Because we need to respond with this body more than once, if it is a stream,","      // we make a buffer copy and use that as the body for future responses.","      var data = [];","      ","      readStream.on('readable', function () {","        var chunk;","        while (null !== (chunk = readStream.read())) {","          data.push(chunk);","          response.write(chunk);","        }","      });","      readStream.on('end', function(){","        self.response.body = Buffer.concat(data);","        response.end();","      });","    }","    else {","      readStream.pipe(response);","    }","  }","  else if ((typeof this.response.body === 'object') && !Buffer.isBuffer(this.response.body)) {","    response.end(JSON.stringify(this.response.body));","  }","  else {","    response.end(this.response.body);","  }","","  return this.shouldPrune();","};","","/**"," * Request.isDone"," *"," * @description Identify if the current request has met its min and max requirements"," *"," * @returns {boolean}"," */","Request.prototype.isDone = function() {","  return !(this._count >= this._minRequests && this._count <= this._maxRequests);","};","","/**"," * Request.shouldPrune"," *"," * @description Identify if the request has met its max requirement"," *"," * @returns {boolean}"," */","Request.prototype.shouldPrune = function() {","  return this._count >= this._maxRequests;","};","","/**"," * Request.toJSON"," *"," * @returns {{method: *, url: *, body: *, headers: *, stats: {count: number, min: (Function|*|Object), max: *, isValid: *, shouldPrune: *}}}"," */","Request.prototype.toJSON = function() {","  return {","    method: this.method,","    url: this.url,","    body: this.body,","    headers: this.headers,","    stats: {","      count: this._count,","      min: this._minRequests,","      max: this._maxRequests,","      isDone: this.isDone(),","      shouldPrune: this.shouldPrune()","    }","  };","};",""],"l":{"1":1,"5":1,"6":0,"28":1,"29":0,"31":0,"32":0,"33":0,"34":0,"36":0,"37":0,"40":0,"41":0,"42":0,"43":0,"47":0,"49":0,"50":0,"51":0,"52":0,"65":1,"66":0,"72":0,"74":0,"87":1,"88":0,"94":0,"96":0,"110":1,"111":0,"116":0,"117":0,"118":0,"119":0,"123":0,"124":0,"127":0,"138":1,"139":0,"150":1,"151":0,"161":1,"162":0,"172":1,"173":0,"183":1,"184":0,"196":1,"197":0,"199":0,"200":0,"203":0,"204":0,"207":0,"208":0,"209":0,"212":0,"217":1,"218":0,"219":0,"220":0,"221":0,"225":0,"236":1,"237":0,"239":0,"241":0,"243":0,"245":0,"246":0,"248":0,"251":0,"253":0,"254":0,"255":0,"256":0,"257":0,"260":0,"261":0,"262":0,"266":0,"269":0,"270":0,"273":0,"276":0,"286":1,"287":0,"297":1,"298":0,"306":1,"307":0}}}